
>>> Solving instance C101.txt
Solving the instance for 27 nodes

START: Generating feasible routes
0: {0}
1: {1, 2, 3, 4, 5, Depot, 7, 8, 9, 10, 11, 12, 13, 14, 15, 16, 17, 18, 19, 20, 21, 22, 23, 24, 25}
2: {2, 3, 4, 5, Depot, 7, 8, 9, 10, 11, 12, 13, 14, 15, 16, 17, 18, 19, 20, 21, 22, 23, 24, 25, 26}
3: {3, 4, 5, Depot, 7, 8, 9, 10, 11, 12, 13, 14, 15, 16, 17, 18, 19, 20, 21, 22, 23, 24, 25, 26, 1}
4: {4, 5, Depot, 7, 8, 9, 10, 11, 12, 13, 14, 15, 16, 17, 18, 19, 20, 21, 22, 23, 24, 25, 26, 1, 2}
5: {5, Depot, 7, 8, 9, 10, 11, 12, 13, 14, 15, 16, 17, 18, 19, 20, 21, 22, 23, 24, 25, 26, 1, 2}
6: {Depot, 7, 8, 9, 10, 11, 12, 13, 14, 15, 16, 17, 18, 19, 20, 21, 22, 23, 24, 25, 26, 1, 2, 3, 4}
7: {7, 8, 9, 10, 11, 12, 13, 14, 15, 16, 17, 18, 19, 20, 21, 22, 23, 24, 25, 26, 1, 2, 3, 4}
8: {8, 9, 10, 11, 12, 13, 14, 15, 16, 17, 18, 19, 20, 21, 22, 23, 24, 25, 26, 1, 2, 3, 4, Depot}
9: {9, 10, 11, 12, 13, 14, 15, 16, 17, 18, 19, 20, 21, 22, 23, 24, 25, 26, 1, 2, 3, 4, Depot}
10: {10, 11, 12, 13, 14, 15, 16, 17, 18, 19, 20, 21, 22, 23, 24, 25, 26, 1, 2, 3, 4, Depot}
11: {11, 12, 13, 14, 15, 16, 17, 18, 19, 20, 21, 22, 23, 24, 25, 26, 1, 2, 3, 4, Depot}
12: {12, 13, 14, 15, 16, 17, 18, 19, 20, 21, 22, 23, 24, 25, 26, 1, 2, 3, 4, Depot, 9}
13: {13, 14, 15, 16, 17, 18, 19, 20, 21, 22, 23, 24, 25, 26, 1, 2, 3, 4, Depot, 9}
14: {14, 15, 16, 17, 18, 19, 20, 21, 22, 23, 24, 25, 26, 1, 2, 3, 4, Depot, 9}
15: {15, 16, 17, 18, 19, 20, 21, 22, 23, 24, 25, 26, 1, 2, 3, 4, Depot, 9, 12}
16: {16, 17, 18, 19, 20, 21, 22, 23, 24, 25, 26, 1, 2, 3, 4, Depot, 9, 12}
17: {17, 18, 19, 20, 21, 22, 23, 24, 25, 26, 1, 2, 3, 4, Depot, 9, 12}
18: {18, 19, 20, 21, 22, 23, 24, 25, 26, 1, 2, 3, 4, Depot, 9, 12, 15}
19: {19, 20, 21, 22, 23, 24, 25, 26, 1, 2, 3, 4, Depot, 9, 12, 15}
20: {20, 21, 22, 23, 24, 25, 26, 1, 2, 3, 4, Depot, 9, 12, 15, 14, 16}
21: {21, 22, 23, 24, 25, 26, 1, 2, 3, 4, Depot, 9, 12, 15, 14, 16, 10, 17, 18}
22: {22, 23, 24, 25, 26, 1, 2, 3, 4, Depot, 9, 12, 15, 14, 16, 10, 17, 18}
23: {23, 24, 25, 26, 1, 2, 3, 4, Depot, 9, 12, 15, 14, 16, 10, 17, 18, 21}
24: {24, 25, 26, 1, 2, 3, 4, Depot, 9, 12, 15, 14, 16, 10, 17, 18, 21, 22}
25: {25, 26, 1, 2, 3, 4, Depot, 9, 12, 15, 14, 16, 10, 17, 18, 21, 22, 19, 23}
26: {26, 1, 2, 3, 4, Depot, 9, 12, 15, 14, 16, 10, 17, 18, 21, 22, 19, 23, 8}
27: {1, 2, 3, 4, Depot, 9, 12, 15, 14, 16, 10, 17, 18, 21, 22, 19, 23, 8}
28: {2, 3, 4, Depot, 9, 12, 15, 14, 16, 10, 17, 18, 21, 22, 19, 23, 8}
29: {3, 4, Depot, 9, 12, 15, 14, 16, 10, 17, 18, 21, 22, 19, 23, 8}
30: {4, Depot, 9, 12, 15, 14, 16, 10, 17, 18, 21, 22, 19, 23, 8, 1, 2, 7, 11}
31: {Depot, 9, 12, 15, 14, 16, 10, 17, 18, 21, 22, 19, 23, 8, 1, 2, 7, 11, 26}
32: {9, 12, 15, 14, 16, 10, 17, 18, 21, 22, 19, 23, 8, 1, 2, 7, 11, 26, 4}
33: {12, 15, 14, 16, 10, 17, 18, 21, 22, 19, 23, 8, 1, 2, 7, 11, 26, 4, Depot}
34: {15, 14, 16, 10, 17, 18, 21, 22, 19, 23, 8, 1, 2, 7, 11, 26, 4, Depot}
35: {14, 16, 10, 17, 18, 21, 22, 19, 23, 8, 1, 2, 7, 11, 26, 4, Depot}
36: {16, 10, 17, 18, 21, 22, 19, 23, 8, 1, 2, 7, 11, 26, 4, Depot, 12}
37: {10, 17, 18, 21, 22, 19, 23, 8, 1, 2, 7, 11, 26, 4, Depot, 12}
38: {17, 18, 21, 22, 19, 23, 8, 1, 2, 7, 11, 26, 4, Depot, 12, 14}
39: {18, 21, 22, 19, 23, 8, 1, 2, 7, 11, 26, 4, Depot, 12, 14}
40: {21, 22, 19, 23, 8, 1, 2, 7, 11, 26, 4, Depot, 12, 14, 15}
41: {22, 19, 23, 8, 1, 2, 7, 11, 26, 4, Depot, 12, 14, 15}
42: {19, 23, 8, 1, 2, 7, 11, 26, 4, Depot, 12, 14, 15, 21}
43: {23, 8, 1, 2, 7, 11, 26, 4, Depot, 12, 14, 15, 21}
44: {8, 1, 2, 7, 11, 26, 4, Depot, 12, 14, 15, 21, 22}
45: {1, 2, 7, 11, 26, 4, Depot, 12, 14, 15, 21, 22, 9, 10}
46: {2, 7, 11, 26, 4, Depot, 12, 14, 15, 21, 22, 9, 10}
47: {7, 11, 26, 4, Depot, 12, 14, 15, 21, 22, 9, 10, 1}
48: {11, 26, 4, Depot, 12, 14, 15, 21, 22, 9, 10, 1, 19}
49: {26, 4, Depot, 12, 14, 15, 21, 22, 9, 10, 1, 19}
50: {4, Depot, 12, 14, 15, 21, 22, 9, 10, 1, 19}
51: {Depot, 12, 14, 15, 21, 22, 9, 10, 1, 19, 2, 26}
52: {12, 14, 15, 21, 22, 9, 10, 1, 19, 2, 26, 4, 23}
53: {14, 15, 21, 22, 9, 10, 1, 19, 2, 26, 4, 23}
54: {15, 21, 22, 9, 10, 1, 19, 2, 26, 4, 23, 12}
55: {21, 22, 9, 10, 1, 19, 2, 26, 4, 23, 12}
56: {22, 9, 10, 1, 19, 2, 26, 4, 23, 12}
57: {9, 10, 1, 19, 2, 26, 4, 23, 12, 21}
58: {10, 1, 19, 2, 26, 4, 23, 12, 21, Depot, 22}
59: {1, 19, 2, 26, 4, 23, 12, 21, Depot, 22, 11, 14, 16}
60: {19, 2, 26, 4, 23, 12, 21, Depot, 22, 11, 14, 16}
61: {2, 26, 4, 23, 12, 21, Depot, 22, 11, 14, 16}
62: {26, 4, 23, 12, 21, Depot, 22, 11, 14, 16, 1}
63: {4, 23, 12, 21, Depot, 22, 11, 14, 16, 1}
64: {23, 12, 21, Depot, 22, 11, 14, 16, 1, 2, 26}
65: {12, 21, Depot, 22, 11, 14, 16, 1, 2, 26}
66: {21, Depot, 22, 11, 14, 16, 1, 2, 26}
67: {Depot, 22, 11, 14, 16, 1, 2, 26}
68: {22, 11, 14, 16, 1, 2, 26, 4, 23}
69: {11, 14, 16, 1, 2, 26, 4, 23, 21}
70: {14, 16, 1, 2, 26, 4, 23, 21, Depot, 9, 12}
71: {16, 1, 2, 26, 4, 23, 21, Depot, 9, 12}
72: {1, 2, 26, 4, 23, 21, Depot, 9, 12}
73: {2, 26, 4, 23, 21, Depot, 9, 12}
74: {26, 4, 23, 21, Depot, 9, 12, 1}
75: {4, 23, 21, Depot, 9, 12, 1}
76: {23, 21, Depot, 9, 12, 1, 2, 26}
77: {21, Depot, 9, 12, 1, 2, 26, 22}
78: {Depot, 9, 12, 1, 2, 26, 22}
79: {9, 12, 1, 2, 26, 22, 4}
80: {12, 1, 2, 26, 22, 4, Depot, 23}
81: {1, 2, 26, 22, 4, Depot, 23}
82: {2, 26, 22, 4, Depot, 23}
83: {26, 22, 4, Depot, 23, 1}
84: {22, 4, Depot, 23, 1}
85: {4, Depot, 23, 1, 21}
86: {Depot, 23, 1, 21, 26}
87: {23, 1, 21, 26, 2, 4, 22}
88: {1, 21, 26, 2, 4, 22}
89: {21, 26, 2, 4, 22}
90: {26, 2, 4, 22}
91: {2, 4, 22}
92: {4, 22, 1}
93: {22, 1, 2, 26}
94: {1, 2, 26, 21}
95: {2, 26, 21}
96: {26, 21, 1}
97: {21, 1}
98: {1, 26}
99: {26}
END: Generating feasible routes
Generated 26 routes
Algorithm has finished in 38 milliseconds

0.0
0, 5, 3, 7, 10, 11, 9, 6, 23, 22, 21, Depot
-86.83178047013892
--------------------------------------

>>> Solving instance C102.txt
Solving the instance for 27 nodes

START: Generating feasible routes
0: {0}
1: {1, 2, 3, 4, 5, Depot, 7, 8, 9, 10, 11, 12, 13, 14, 15, 16, 17, 18, 19, 20, 21, 22, 23, 24, 25}
2: {2, 3, 4, 5, Depot, 7, 8, 9, 10, 11, 12, 13, 14, 15, 16, 17, 18, 19, 20, 21, 22, 23, 24, 25, 26}
3: {3, 4, 5, Depot, 7, 8, 9, 10, 11, 12, 13, 14, 15, 16, 17, 18, 19, 20, 21, 22, 23, 24, 25, 26, 1}
4: {4, 5, Depot, 7, 8, 9, 10, 11, 12, 13, 14, 15, 16, 17, 18, 19, 20, 21, 22, 23, 24, 25, 26, 1, 2}
5: {5, Depot, 7, 8, 9, 10, 11, 12, 13, 14, 15, 16, 17, 18, 19, 20, 21, 22, 23, 24, 25, 26, 1, 2, 3}
6: {Depot, 7, 8, 9, 10, 11, 12, 13, 14, 15, 16, 17, 18, 19, 20, 21, 22, 23, 24, 25, 26, 1, 2, 3, 4}
7: {7, 8, 9, 10, 11, 12, 13, 14, 15, 16, 17, 18, 19, 20, 21, 22, 23, 24, 25, 26, 1, 2, 3, 4, 5}
8: {8, 9, 10, 11, 12, 13, 14, 15, 16, 17, 18, 19, 20, 21, 22, 23, 24, 25, 26, 1, 2, 3, 4, 5, Depot}
9: {9, 10, 11, 12, 13, 14, 15, 16, 17, 18, 19, 20, 21, 22, 23, 24, 25, 26, 1, 2, 3, 4, 5, Depot, 7}
10: {10, 11, 12, 13, 14, 15, 16, 17, 18, 19, 20, 21, 22, 23, 24, 25, 26, 1, 2, 3, 4, 5, Depot, 7}
11: {11, 12, 13, 14, 15, 16, 17, 18, 19, 20, 21, 22, 23, 24, 25, 26, 1, 2, 3, 4, 5, Depot, 7}
12: {12, 13, 14, 15, 16, 17, 18, 19, 20, 21, 22, 23, 24, 25, 26, 1, 2, 3, 4, 5, Depot, 7, 9}
13: {13, 14, 15, 16, 17, 18, 19, 20, 21, 22, 23, 24, 25, 26, 1, 2, 3, 4, 5, Depot, 7, 9}
14: {14, 15, 16, 17, 18, 19, 20, 21, 22, 23, 24, 25, 26, 1, 2, 3, 4, 5, Depot, 7, 9, 12}
15: {15, 16, 17, 18, 19, 20, 21, 22, 23, 24, 25, 26, 1, 2, 3, 4, 5, Depot, 7, 9, 12}
16: {16, 17, 18, 19, 20, 21, 22, 23, 24, 25, 26, 1, 2, 3, 4, 5, Depot, 7, 9, 12}
17: {17, 18, 19, 20, 21, 22, 23, 24, 25, 26, 1, 2, 3, 4, 5, Depot, 7, 9, 12}
18: {18, 19, 20, 21, 22, 23, 24, 25, 26, 1, 2, 3, 4, 5, Depot, 7, 9, 12, 15}
19: {19, 20, 21, 22, 23, 24, 25, 26, 1, 2, 3, 4, 5, Depot, 7, 9, 12, 15, 11, 14, 16}
20: {20, 21, 22, 23, 24, 25, 26, 1, 2, 3, 4, 5, Depot, 7, 9, 12, 15, 11, 14, 16}
21: {21, 22, 23, 24, 25, 26, 1, 2, 3, 4, 5, Depot, 7, 9, 12, 15, 11, 14, 16, 10, 17, 18}
22: {22, 23, 24, 25, 26, 1, 2, 3, 4, 5, Depot, 7, 9, 12, 15, 11, 14, 16, 10, 17, 18, 8, 19}
23: {23, 24, 25, 26, 1, 2, 3, 4, 5, Depot, 7, 9, 12, 15, 11, 14, 16, 10, 17, 18, 8, 19, 21}
24: {24, 25, 26, 1, 2, 3, 4, 5, Depot, 7, 9, 12, 15, 11, 14, 16, 10, 17, 18, 8, 19, 21, 22}
25: {25, 26, 1, 2, 3, 4, 5, Depot, 7, 9, 12, 15, 11, 14, 16, 10, 17, 18, 8, 19, 21, 22, 23}
26: {26, 1, 2, 3, 4, 5, Depot, 7, 9, 12, 15, 11, 14, 16, 10, 17, 18, 8, 19, 21, 22, 23}
27: {1, 2, 3, 4, 5, Depot, 7, 9, 12, 15, 11, 14, 16, 10, 17, 18, 8, 19, 21, 22, 23}
28: {2, 3, 4, 5, Depot, 7, 9, 12, 15, 11, 14, 16, 10, 17, 18, 8, 19, 21, 22, 23}
29: {3, 4, 5, Depot, 7, 9, 12, 15, 11, 14, 16, 10, 17, 18, 8, 19, 21, 22, 23, 1}
30: {4, 5, Depot, 7, 9, 12, 15, 11, 14, 16, 10, 17, 18, 8, 19, 21, 22, 23, 1, 2, 26}
31: {5, Depot, 7, 9, 12, 15, 11, 14, 16, 10, 17, 18, 8, 19, 21, 22, 23, 1, 2, 26, 3}
32: {Depot, 7, 9, 12, 15, 11, 14, 16, 10, 17, 18, 8, 19, 21, 22, 23, 1, 2, 26, 3}
33: {7, 9, 12, 15, 11, 14, 16, 10, 17, 18, 8, 19, 21, 22, 23, 1, 2, 26, 3, 4, 5}
34: {9, 12, 15, 11, 14, 16, 10, 17, 18, 8, 19, 21, 22, 23, 1, 2, 26, 3, 4, 5, Depot}
35: {12, 15, 11, 14, 16, 10, 17, 18, 8, 19, 21, 22, 23, 1, 2, 26, 3, 4, 5, Depot, 7}
36: {15, 11, 14, 16, 10, 17, 18, 8, 19, 21, 22, 23, 1, 2, 26, 3, 4, 5, Depot, 7}
37: {11, 14, 16, 10, 17, 18, 8, 19, 21, 22, 23, 1, 2, 26, 3, 4, 5, Depot, 7}
38: {14, 16, 10, 17, 18, 8, 19, 21, 22, 23, 1, 2, 26, 3, 4, 5, Depot, 7, 9, 12}
39: {16, 10, 17, 18, 8, 19, 21, 22, 23, 1, 2, 26, 3, 4, 5, Depot, 7, 9, 12}
40: {10, 17, 18, 8, 19, 21, 22, 23, 1, 2, 26, 3, 4, 5, Depot, 7, 9, 12}
41: {17, 18, 8, 19, 21, 22, 23, 1, 2, 26, 3, 4, 5, Depot, 7, 9, 12, 11, 14, 16}
42: {18, 8, 19, 21, 22, 23, 1, 2, 26, 3, 4, 5, Depot, 7, 9, 12, 11, 14, 16}
43: {8, 19, 21, 22, 23, 1, 2, 26, 3, 4, 5, Depot, 7, 9, 12, 11, 14, 16, 15}
44: {19, 21, 22, 23, 1, 2, 26, 3, 4, 5, Depot, 7, 9, 12, 11, 14, 16, 15, 10}
45: {21, 22, 23, 1, 2, 26, 3, 4, 5, Depot, 7, 9, 12, 11, 14, 16, 15, 10}
46: {22, 23, 1, 2, 26, 3, 4, 5, Depot, 7, 9, 12, 11, 14, 16, 15, 10}
47: {23, 1, 2, 26, 3, 4, 5, Depot, 7, 9, 12, 11, 14, 16, 15, 10, 21}
48: {1, 2, 26, 3, 4, 5, Depot, 7, 9, 12, 11, 14, 16, 15, 10, 21, 22}
49: {2, 26, 3, 4, 5, Depot, 7, 9, 12, 11, 14, 16, 15, 10, 21, 22, 8, 23}
50: {26, 3, 4, 5, Depot, 7, 9, 12, 11, 14, 16, 15, 10, 21, 22, 8, 23, 1, 19}
51: {3, 4, 5, Depot, 7, 9, 12, 11, 14, 16, 15, 10, 21, 22, 8, 23, 1, 19}
52: {4, 5, Depot, 7, 9, 12, 11, 14, 16, 15, 10, 21, 22, 8, 23, 1, 19, 2, 26}
53: {5, Depot, 7, 9, 12, 11, 14, 16, 15, 10, 21, 22, 8, 23, 1, 19, 2, 26, 3}
54: {Depot, 7, 9, 12, 11, 14, 16, 15, 10, 21, 22, 8, 23, 1, 19, 2, 26, 3}
55: {7, 9, 12, 11, 14, 16, 15, 10, 21, 22, 8, 23, 1, 19, 2, 26, 3, 4, 5}
56: {9, 12, 11, 14, 16, 15, 10, 21, 22, 8, 23, 1, 19, 2, 26, 3, 4, 5, Depot}
57: {12, 11, 14, 16, 15, 10, 21, 22, 8, 23, 1, 19, 2, 26, 3, 4, 5, Depot, 7}
58: {11, 14, 16, 15, 10, 21, 22, 8, 23, 1, 19, 2, 26, 3, 4, 5, Depot, 7}
59: {14, 16, 15, 10, 21, 22, 8, 23, 1, 19, 2, 26, 3, 4, 5, Depot, 7, 9, 12}
60: {16, 15, 10, 21, 22, 8, 23, 1, 19, 2, 26, 3, 4, 5, Depot, 7, 9, 12}
61: {15, 10, 21, 22, 8, 23, 1, 19, 2, 26, 3, 4, 5, Depot, 7, 9, 12, 14}
62: {10, 21, 22, 8, 23, 1, 19, 2, 26, 3, 4, 5, Depot, 7, 9, 12, 14, 16}
63: {21, 22, 8, 23, 1, 19, 2, 26, 3, 4, 5, Depot, 7, 9, 12, 14, 16, 11}
64: {22, 8, 23, 1, 19, 2, 26, 3, 4, 5, Depot, 7, 9, 12, 14, 16, 11}
65: {8, 23, 1, 19, 2, 26, 3, 4, 5, Depot, 7, 9, 12, 14, 16, 11, 21}
66: {23, 1, 19, 2, 26, 3, 4, 5, Depot, 7, 9, 12, 14, 16, 11, 21, 10, 15}
67: {1, 19, 2, 26, 3, 4, 5, Depot, 7, 9, 12, 14, 16, 11, 21, 10, 15, 22}
68: {19, 2, 26, 3, 4, 5, Depot, 7, 9, 12, 14, 16, 11, 21, 10, 15, 22, 23}
69: {2, 26, 3, 4, 5, Depot, 7, 9, 12, 14, 16, 11, 21, 10, 15, 22, 23}
70: {26, 3, 4, 5, Depot, 7, 9, 12, 14, 16, 11, 21, 10, 15, 22, 23, 1}
71: {3, 4, 5, Depot, 7, 9, 12, 14, 16, 11, 21, 10, 15, 22, 23, 1}
72: {4, 5, Depot, 7, 9, 12, 14, 16, 11, 21, 10, 15, 22, 23, 1, 2, 26}
73: {5, Depot, 7, 9, 12, 14, 16, 11, 21, 10, 15, 22, 23, 1, 2, 26, 3}
74: {Depot, 7, 9, 12, 14, 16, 11, 21, 10, 15, 22, 23, 1, 2, 26, 3}
75: {7, 9, 12, 14, 16, 11, 21, 10, 15, 22, 23, 1, 2, 26, 3, 4, 5}
76: {9, 12, 14, 16, 11, 21, 10, 15, 22, 23, 1, 2, 26, 3, 4, 5, Depot}
77: {12, 14, 16, 11, 21, 10, 15, 22, 23, 1, 2, 26, 3, 4, 5, Depot, 7}
78: {14, 16, 11, 21, 10, 15, 22, 23, 1, 2, 26, 3, 4, 5, Depot, 7}
79: {16, 11, 21, 10, 15, 22, 23, 1, 2, 26, 3, 4, 5, Depot, 7, 12}
80: {11, 21, 10, 15, 22, 23, 1, 2, 26, 3, 4, 5, Depot, 7, 12}
81: {21, 10, 15, 22, 23, 1, 2, 26, 3, 4, 5, Depot, 7, 12, 9, 14}
82: {10, 15, 22, 23, 1, 2, 26, 3, 4, 5, Depot, 7, 12, 9, 14}
83: {15, 22, 23, 1, 2, 26, 3, 4, 5, Depot, 7, 12, 9, 14, 11, 16, 21}
84: {22, 23, 1, 2, 26, 3, 4, 5, Depot, 7, 12, 9, 14, 11, 16, 21}
85: {23, 1, 2, 26, 3, 4, 5, Depot, 7, 12, 9, 14, 11, 16, 21}
86: {1, 2, 26, 3, 4, 5, Depot, 7, 12, 9, 14, 11, 16, 21, 22}
87: {2, 26, 3, 4, 5, Depot, 7, 12, 9, 14, 11, 16, 21, 22}
88: {26, 3, 4, 5, Depot, 7, 12, 9, 14, 11, 16, 21, 22, 1}
89: {3, 4, 5, Depot, 7, 12, 9, 14, 11, 16, 21, 22, 1}
90: {4, 5, Depot, 7, 12, 9, 14, 11, 16, 21, 22, 1, 2, 26}
91: {5, Depot, 7, 12, 9, 14, 11, 16, 21, 22, 1, 2, 26, 3}
92: {Depot, 7, 12, 9, 14, 11, 16, 21, 22, 1, 2, 26, 3, 23}
93: {7, 12, 9, 14, 11, 16, 21, 22, 1, 2, 26, 3, 23, 4, 5}
94: {12, 9, 14, 11, 16, 21, 22, 1, 2, 26, 3, 23, 4, 5}
95: {9, 14, 11, 16, 21, 22, 1, 2, 26, 3, 23, 4, 5}
96: {14, 11, 16, 21, 22, 1, 2, 26, 3, 23, 4, 5, Depot}
97: {11, 16, 21, 22, 1, 2, 26, 3, 23, 4, 5, Depot, 12}
98: {16, 21, 22, 1, 2, 26, 3, 23, 4, 5, Depot, 12, 7, 9, 14}
99: {21, 22, 1, 2, 26, 3, 23, 4, 5, Depot, 12, 7, 9, 14}
100: {22, 1, 2, 26, 3, 23, 4, 5, Depot, 12, 7, 9, 14}
101: {1, 2, 26, 3, 23, 4, 5, Depot, 12, 7, 9, 14, 21}
102: {2, 26, 3, 23, 4, 5, Depot, 12, 7, 9, 14, 21}
103: {26, 3, 23, 4, 5, Depot, 12, 7, 9, 14, 21, 1, 22}
104: {3, 23, 4, 5, Depot, 12, 7, 9, 14, 21, 1, 22}
105: {23, 4, 5, Depot, 12, 7, 9, 14, 21, 1, 22, 2, 26}
106: {4, 5, Depot, 12, 7, 9, 14, 21, 1, 22, 2, 26}
107: {5, Depot, 12, 7, 9, 14, 21, 1, 22, 2, 26, 3}
108: {Depot, 12, 7, 9, 14, 21, 1, 22, 2, 26, 3}
109: {12, 7, 9, 14, 21, 1, 22, 2, 26, 3, 4, 5, 23}
110: {7, 9, 14, 21, 1, 22, 2, 26, 3, 4, 5, 23}
111: {9, 14, 21, 1, 22, 2, 26, 3, 4, 5, 23}
112: {14, 21, 1, 22, 2, 26, 3, 4, 5, 23, Depot}
113: {21, 1, 22, 2, 26, 3, 4, 5, 23, Depot, 12}
114: {1, 22, 2, 26, 3, 4, 5, 23, Depot, 12}
115: {22, 2, 26, 3, 4, 5, 23, Depot, 12, 7, 21}
116: {2, 26, 3, 4, 5, 23, Depot, 12, 7, 21}
117: {26, 3, 4, 5, 23, Depot, 12, 7, 21, 1, 22}
118: {3, 4, 5, 23, Depot, 12, 7, 21, 1, 22}
119: {4, 5, 23, Depot, 12, 7, 21, 1, 22, 2, 26}
120: {5, 23, Depot, 12, 7, 21, 1, 22, 2, 26, 3}
121: {23, Depot, 12, 7, 21, 1, 22, 2, 26, 3}
122: {Depot, 12, 7, 21, 1, 22, 2, 26, 3}
123: {12, 7, 21, 1, 22, 2, 26, 3, 4, 5}
124: {7, 21, 1, 22, 2, 26, 3, 4, 5}
125: {21, 1, 22, 2, 26, 3, 4, 5}
126: {1, 22, 2, 26, 3, 4, 5}
127: {22, 2, 26, 3, 4, 5, 7, 12, 21}
128: {2, 26, 3, 4, 5, 7, 12, 21}
129: {26, 3, 4, 5, 7, 12, 21, 1}
130: {3, 4, 5, 7, 12, 21, 1}
131: {4, 5, 7, 12, 21, 1, 2, 26}
132: {5, 7, 12, 21, 1, 2, 26, 3, 22}
133: {7, 12, 21, 1, 2, 26, 3, 22}
134: {12, 21, 1, 2, 26, 3, 22, 5}
135: {21, 1, 2, 26, 3, 22, 5}
136: {1, 2, 26, 3, 22, 5}
137: {2, 26, 3, 22, 5, 12, 21}
138: {26, 3, 22, 5, 12, 21, 1}
139: {3, 22, 5, 12, 21, 1}
140: {22, 5, 12, 21, 1, 2, 26}
141: {5, 12, 21, 1, 2, 26}
142: {12, 21, 1, 2, 26, 7}
143: {21, 1, 2, 26, 7}
144: {1, 2, 26, 7}
145: {2, 26, 7}
146: {26, 7, 1, 21}
147: {7, 1, 21}
148: {1, 21}
149: {21}
END: Generating feasible routes
Generated 97 routes
Algorithm has finished in 812 milliseconds

0.0
0, 20, 24, 25, 21, 11, 9, 6, 2, 1, 5, 7, 3, Depot
-121.17936554085354
--------------------------------------

>>> Solving instance C108.txt
Solving the instance for 27 nodes

START: Generating feasible routes
0: {0}
1: {1, 2, 3, 4, 5, Depot, 7, 8, 9, 10, 11, 12, 13, 14, 15, 16, 17, 18, 19, 20, 21, 22, 23, 24, 25}
2: {2, 3, 4, 5, Depot, 7, 8, 9, 10, 11, 12, 13, 14, 15, 16, 17, 18, 19, 20, 21, 22, 23, 24, 25, 26}
3: {3, 4, 5, Depot, 7, 8, 9, 10, 11, 12, 13, 14, 15, 16, 17, 18, 19, 20, 21, 22, 23, 24, 25, 26, 1}
4: {4, 5, Depot, 7, 8, 9, 10, 11, 12, 13, 14, 15, 16, 17, 18, 19, 20, 21, 22, 23, 24, 25, 26, 1, 2}
5: {5, Depot, 7, 8, 9, 10, 11, 12, 13, 14, 15, 16, 17, 18, 19, 20, 21, 22, 23, 24, 25, 26, 1, 2}
6: {Depot, 7, 8, 9, 10, 11, 12, 13, 14, 15, 16, 17, 18, 19, 20, 21, 22, 23, 24, 25, 26, 1, 2, 3, 4}
7: {7, 8, 9, 10, 11, 12, 13, 14, 15, 16, 17, 18, 19, 20, 21, 22, 23, 24, 25, 26, 1, 2, 3, 4}
8: {8, 9, 10, 11, 12, 13, 14, 15, 16, 17, 18, 19, 20, 21, 22, 23, 24, 25, 26, 1, 2, 3, 4, 5, Depot}
9: {9, 10, 11, 12, 13, 14, 15, 16, 17, 18, 19, 20, 21, 22, 23, 24, 25, 26, 1, 2, 3, 4, 5, Depot}
10: {10, 11, 12, 13, 14, 15, 16, 17, 18, 19, 20, 21, 22, 23, 24, 25, 26, 1, 2, 3, 4, 5, Depot}
11: {11, 12, 13, 14, 15, 16, 17, 18, 19, 20, 21, 22, 23, 24, 25, 26, 1, 2, 3, 4, 5, Depot, 8}
12: {12, 13, 14, 15, 16, 17, 18, 19, 20, 21, 22, 23, 24, 25, 26, 1, 2, 3, 4, 5, Depot, 8, 9, 10}
13: {13, 14, 15, 16, 17, 18, 19, 20, 21, 22, 23, 24, 25, 26, 1, 2, 3, 4, 5, Depot, 8, 9, 10}
14: {14, 15, 16, 17, 18, 19, 20, 21, 22, 23, 24, 25, 26, 1, 2, 3, 4, 5, Depot, 8, 9, 10}
15: {15, 16, 17, 18, 19, 20, 21, 22, 23, 24, 25, 26, 1, 2, 3, 4, 5, Depot, 8, 9, 10, 12}
16: {16, 17, 18, 19, 20, 21, 22, 23, 24, 25, 26, 1, 2, 3, 4, 5, Depot, 8, 9, 10, 12, 14}
17: {17, 18, 19, 20, 21, 22, 23, 24, 25, 26, 1, 2, 3, 4, 5, Depot, 8, 9, 10, 12, 14, 15}
18: {18, 19, 20, 21, 22, 23, 24, 25, 26, 1, 2, 3, 4, 5, Depot, 8, 9, 10, 12, 14, 15}
19: {19, 20, 21, 22, 23, 24, 25, 26, 1, 2, 3, 4, 5, Depot, 8, 9, 10, 12, 14, 15, 16, 17}
20: {20, 21, 22, 23, 24, 25, 26, 1, 2, 3, 4, 5, Depot, 8, 9, 10, 12, 14, 15, 16, 17, 18}
21: {21, 22, 23, 24, 25, 26, 1, 2, 3, 4, 5, Depot, 8, 9, 10, 12, 14, 15, 16, 17, 18, 7, 13}
22: {22, 23, 24, 25, 26, 1, 2, 3, 4, 5, Depot, 8, 9, 10, 12, 14, 15, 16, 17, 18, 7, 13}
23: {23, 24, 25, 26, 1, 2, 3, 4, 5, Depot, 8, 9, 10, 12, 14, 15, 16, 17, 18, 7, 13, 21}
24: {24, 25, 26, 1, 2, 3, 4, 5, Depot, 8, 9, 10, 12, 14, 15, 16, 17, 18, 7, 13, 21, 22}
25: {25, 26, 1, 2, 3, 4, 5, Depot, 8, 9, 10, 12, 14, 15, 16, 17, 18, 7, 13, 21, 22, 19, 23}
26: {26, 1, 2, 3, 4, 5, Depot, 8, 9, 10, 12, 14, 15, 16, 17, 18, 7, 13, 21, 22, 19, 23, 20, 24}
27: {1, 2, 3, 4, 5, Depot, 8, 9, 10, 12, 14, 15, 16, 17, 18, 7, 13, 21, 22, 19, 23, 20, 24}
28: {2, 3, 4, 5, Depot, 8, 9, 10, 12, 14, 15, 16, 17, 18, 7, 13, 21, 22, 19, 23, 20, 24}
29: {3, 4, 5, Depot, 8, 9, 10, 12, 14, 15, 16, 17, 18, 7, 13, 21, 22, 19, 23, 20, 24, 26}
30: {4, 5, Depot, 8, 9, 10, 12, 14, 15, 16, 17, 18, 7, 13, 21, 22, 19, 23, 20, 24, 26, 1, 2, 11, 25}
31: {5, Depot, 8, 9, 10, 12, 14, 15, 16, 17, 18, 7, 13, 21, 22, 19, 23, 20, 24, 26, 1, 2, 11, 25}
32: {Depot, 8, 9, 10, 12, 14, 15, 16, 17, 18, 7, 13, 21, 22, 19, 23, 20, 24, 26, 1, 2, 11, 25}
33: {8, 9, 10, 12, 14, 15, 16, 17, 18, 7, 13, 21, 22, 19, 23, 20, 24, 26, 1, 2, 11, 25, 4}
34: {9, 10, 12, 14, 15, 16, 17, 18, 7, 13, 21, 22, 19, 23, 20, 24, 26, 1, 2, 11, 25, 4, Depot}
35: {10, 12, 14, 15, 16, 17, 18, 7, 13, 21, 22, 19, 23, 20, 24, 26, 1, 2, 11, 25, 4, Depot}
36: {12, 14, 15, 16, 17, 18, 7, 13, 21, 22, 19, 23, 20, 24, 26, 1, 2, 11, 25, 4, Depot}
37: {14, 15, 16, 17, 18, 7, 13, 21, 22, 19, 23, 20, 24, 26, 1, 2, 11, 25, 4, Depot}
38: {15, 16, 17, 18, 7, 13, 21, 22, 19, 23, 20, 24, 26, 1, 2, 11, 25, 4, Depot, 12}
39: {16, 17, 18, 7, 13, 21, 22, 19, 23, 20, 24, 26, 1, 2, 11, 25, 4, Depot, 12, 14}
40: {17, 18, 7, 13, 21, 22, 19, 23, 20, 24, 26, 1, 2, 11, 25, 4, Depot, 12, 14}
41: {18, 7, 13, 21, 22, 19, 23, 20, 24, 26, 1, 2, 11, 25, 4, Depot, 12, 14, 15}
42: {7, 13, 21, 22, 19, 23, 20, 24, 26, 1, 2, 11, 25, 4, Depot, 12, 14, 15, 17}
43: {13, 21, 22, 19, 23, 20, 24, 26, 1, 2, 11, 25, 4, Depot, 12, 14, 15, 17, 5, 10}
44: {21, 22, 19, 23, 20, 24, 26, 1, 2, 11, 25, 4, Depot, 12, 14, 15, 17, 5, 10}
45: {22, 19, 23, 20, 24, 26, 1, 2, 11, 25, 4, Depot, 12, 14, 15, 17, 5, 10}
46: {19, 23, 20, 24, 26, 1, 2, 11, 25, 4, Depot, 12, 14, 15, 17, 5, 10, 21}
47: {23, 20, 24, 26, 1, 2, 11, 25, 4, Depot, 12, 14, 15, 17, 5, 10, 21, 18}
48: {20, 24, 26, 1, 2, 11, 25, 4, Depot, 12, 14, 15, 17, 5, 10, 21, 18, 22}
49: {24, 26, 1, 2, 11, 25, 4, Depot, 12, 14, 15, 17, 5, 10, 21, 18, 22}
50: {26, 1, 2, 11, 25, 4, Depot, 12, 14, 15, 17, 5, 10, 21, 18, 22}
51: {1, 2, 11, 25, 4, Depot, 12, 14, 15, 17, 5, 10, 21, 18, 22}
52: {2, 11, 25, 4, Depot, 12, 14, 15, 17, 5, 10, 21, 18, 22}
53: {11, 25, 4, Depot, 12, 14, 15, 17, 5, 10, 21, 18, 22, 1, 26}
54: {25, 4, Depot, 12, 14, 15, 17, 5, 10, 21, 18, 22, 1, 26, 9, 16}
55: {4, Depot, 12, 14, 15, 17, 5, 10, 21, 18, 22, 1, 26, 9, 16, 24}
56: {Depot, 12, 14, 15, 17, 5, 10, 21, 18, 22, 1, 26, 9, 16, 24, 2}
57: {12, 14, 15, 17, 5, 10, 21, 18, 22, 1, 26, 9, 16, 24, 2, 4, 23}
58: {14, 15, 17, 5, 10, 21, 18, 22, 1, 26, 9, 16, 24, 2, 4, 23}
59: {15, 17, 5, 10, 21, 18, 22, 1, 26, 9, 16, 24, 2, 4, 23, 12}
60: {17, 5, 10, 21, 18, 22, 1, 26, 9, 16, 24, 2, 4, 23, 12, 14}
61: {5, 10, 21, 18, 22, 1, 26, 9, 16, 24, 2, 4, 23, 12, 14, 15}
62: {10, 21, 18, 22, 1, 26, 9, 16, 24, 2, 4, 23, 12, 14, 15, 3}
63: {21, 18, 22, 1, 26, 9, 16, 24, 2, 4, 23, 12, 14, 15, 3, 8, 11, 19}
64: {18, 22, 1, 26, 9, 16, 24, 2, 4, 23, 12, 14, 15, 3, 8, 11, 19}
65: {22, 1, 26, 9, 16, 24, 2, 4, 23, 12, 14, 15, 3, 8, 11, 19}
66: {1, 26, 9, 16, 24, 2, 4, 23, 12, 14, 15, 3, 8, 11, 19, 21}
67: {26, 9, 16, 24, 2, 4, 23, 12, 14, 15, 3, 8, 11, 19, 21}
68: {9, 16, 24, 2, 4, 23, 12, 14, 15, 3, 8, 11, 19, 21}
69: {16, 24, 2, 4, 23, 12, 14, 15, 3, 8, 11, 19, 21, 1, Depot, 22}
70: {24, 2, 4, 23, 12, 14, 15, 3, 8, 11, 19, 21, 1, Depot, 22}
71: {2, 4, 23, 12, 14, 15, 3, 8, 11, 19, 21, 1, Depot, 22}
72: {4, 23, 12, 14, 15, 3, 8, 11, 19, 21, 1, Depot, 22, 26}
73: {23, 12, 14, 15, 3, 8, 11, 19, 21, 1, Depot, 22, 26, 2}
74: {12, 14, 15, 3, 8, 11, 19, 21, 1, Depot, 22, 26, 2}
75: {14, 15, 3, 8, 11, 19, 21, 1, Depot, 22, 26, 2}
76: {15, 3, 8, 11, 19, 21, 1, Depot, 22, 26, 2, 12}
77: {3, 8, 11, 19, 21, 1, Depot, 22, 26, 2, 12, 14, 16}
78: {8, 11, 19, 21, 1, Depot, 22, 26, 2, 12, 14, 16}
79: {11, 19, 21, 1, Depot, 22, 26, 2, 12, 14, 16, 9}
80: {19, 21, 1, Depot, 22, 26, 2, 12, 14, 16, 9, 15}
81: {21, 1, Depot, 22, 26, 2, 12, 14, 16, 9, 15}
82: {1, Depot, 22, 26, 2, 12, 14, 16, 9, 15}
83: {Depot, 22, 26, 2, 12, 14, 16, 9, 15, 21}
84: {22, 26, 2, 12, 14, 16, 9, 15, 21, 4, 23}
85: {26, 2, 12, 14, 16, 9, 15, 21, 4, 23}
86: {2, 12, 14, 16, 9, 15, 21, 4, 23}
87: {12, 14, 16, 9, 15, 21, 4, 23, 1, 22}
88: {14, 16, 9, 15, 21, 4, 23, 1, 22}
89: {16, 9, 15, 21, 4, 23, 1, 22}
90: {9, 15, 21, 4, 23, 1, 22}
91: {15, 21, 4, 23, 1, 22, Depot, 11, 12, 14, 16}
92: {21, 4, 23, 1, 22, Depot, 11, 12, 14, 16}
93: {4, 23, 1, 22, Depot, 11, 12, 14, 16, 26}
94: {23, 1, 22, Depot, 11, 12, 14, 16, 26, 2}
95: {1, 22, Depot, 11, 12, 14, 16, 26, 2, 21}
96: {22, Depot, 11, 12, 14, 16, 26, 2, 21}
97: {Depot, 11, 12, 14, 16, 26, 2, 21}
98: {11, 12, 14, 16, 26, 2, 21, 4, 22, 23}
99: {12, 14, 16, 26, 2, 21, 4, 22, 23}
100: {14, 16, 26, 2, 21, 4, 22, 23}
101: {16, 26, 2, 21, 4, 22, 23, 12}
102: {26, 2, 21, 4, 22, 23, 12}
103: {2, 21, 4, 22, 23, 12}
104: {21, 4, 22, 23, 12, 1}
105: {4, 22, 23, 12, 1, 26}
106: {22, 23, 12, 1, 26, 2}
107: {23, 12, 1, 26, 2}
108: {12, 1, 26, 2, 21, 22}
109: {1, 26, 2, 21, 22}
110: {26, 2, 21, 22}
111: {2, 21, 22}
112: {21, 22, 1}
113: {22, 1, 26}
114: {1, 26, 21}
115: {26, 21}
116: {21}
END: Generating feasible routes
Generated 32 routes
Algorithm has finished in 9 milliseconds

0.0
0, 5, 3, 7, 10, 8, 9, 6, 4, 1, 2, 21, Depot
-110.16077876420935
--------------------------------------

>>> Solving instance C109.txt
Solving the instance for 27 nodes

START: Generating feasible routes
0: {0}
1: {1, 2, 3, 4, 5, Depot, 7, 8, 9, 10, 11, 12, 13, 14, 15, 16, 17, 18, 19, 20, 21, 22, 23, 24, 25}
2: {2, 3, 4, 5, Depot, 7, 8, 9, 10, 11, 12, 13, 14, 15, 16, 17, 18, 19, 20, 21, 22, 23, 24, 25, 26}
3: {3, 4, 5, Depot, 7, 8, 9, 10, 11, 12, 13, 14, 15, 16, 17, 18, 19, 20, 21, 22, 23, 24, 25, 26, 1}
4: {4, 5, Depot, 7, 8, 9, 10, 11, 12, 13, 14, 15, 16, 17, 18, 19, 20, 21, 22, 23, 24, 25, 26, 1, 2}
5: {5, Depot, 7, 8, 9, 10, 11, 12, 13, 14, 15, 16, 17, 18, 19, 20, 21, 22, 23, 24, 25, 26, 1, 2}
6: {Depot, 7, 8, 9, 10, 11, 12, 13, 14, 15, 16, 17, 18, 19, 20, 21, 22, 23, 24, 25, 26, 1, 2, 3, 4}
7: {7, 8, 9, 10, 11, 12, 13, 14, 15, 16, 17, 18, 19, 20, 21, 22, 23, 24, 25, 26, 1, 2, 3, 4}
8: {8, 9, 10, 11, 12, 13, 14, 15, 16, 17, 18, 19, 20, 21, 22, 23, 24, 25, 26, 1, 2, 3, 4, 5, Depot}
9: {9, 10, 11, 12, 13, 14, 15, 16, 17, 18, 19, 20, 21, 22, 23, 24, 25, 26, 1, 2, 3, 4, 5, Depot, 7}
10: {10, 11, 12, 13, 14, 15, 16, 17, 18, 19, 20, 21, 22, 23, 24, 25, 26, 1, 2, 3, 4, 5, Depot, 7}
11: {11, 12, 13, 14, 15, 16, 17, 18, 19, 20, 21, 22, 23, 24, 25, 26, 1, 2, 3, 4, 5, Depot, 7, 8}
12: {12, 13, 14, 15, 16, 17, 18, 19, 20, 21, 22, 23, 24, 25, 26, 1, 2, 3, 4, 5, Depot, 7, 8, 9, 10}
13: {13, 14, 15, 16, 17, 18, 19, 20, 21, 22, 23, 24, 25, 26, 1, 2, 3, 4, 5, Depot, 7, 8, 9, 10}
14: {14, 15, 16, 17, 18, 19, 20, 21, 22, 23, 24, 25, 26, 1, 2, 3, 4, 5, Depot, 7, 8, 9, 10, 12}
15: {15, 16, 17, 18, 19, 20, 21, 22, 23, 24, 25, 26, 1, 2, 3, 4, 5, Depot, 7, 8, 9, 10, 12}
16: {16, 17, 18, 19, 20, 21, 22, 23, 24, 25, 26, 1, 2, 3, 4, 5, Depot, 7, 8, 9, 10, 12, 13, 14}
17: {17, 18, 19, 20, 21, 22, 23, 24, 25, 26, 1, 2, 3, 4, 5, Depot, 7, 8, 9, 10, 12, 13, 14, 15}
18: {18, 19, 20, 21, 22, 23, 24, 25, 26, 1, 2, 3, 4, 5, Depot, 7, 8, 9, 10, 12, 13, 14, 15, 16}
19: {19, 20, 21, 22, 23, 24, 25, 26, 1, 2, 3, 4, 5, Depot, 7, 8, 9, 10, 12, 13, 14, 15, 16, 17}
20: {20, 21, 22, 23, 24, 25, 26, 1, 2, 3, 4, 5, Depot, 7, 8, 9, 10, 12, 13, 14, 15, 16, 17, 18}
21: {21, 22, 23, 24, 25, 26, 1, 2, 3, 4, 5, Depot, 7, 8, 9, 10, 12, 13, 14, 15, 16, 17, 18}
22: {22, 23, 24, 25, 26, 1, 2, 3, 4, 5, Depot, 7, 8, 9, 10, 12, 13, 14, 15, 16, 17, 18}
23: {23, 24, 25, 26, 1, 2, 3, 4, 5, Depot, 7, 8, 9, 10, 12, 13, 14, 15, 16, 17, 18, 21}
24: {24, 25, 26, 1, 2, 3, 4, 5, Depot, 7, 8, 9, 10, 12, 13, 14, 15, 16, 17, 18, 21, 22}
25: {25, 26, 1, 2, 3, 4, 5, Depot, 7, 8, 9, 10, 12, 13, 14, 15, 16, 17, 18, 21, 22, 19, 23}
26: {26, 1, 2, 3, 4, 5, Depot, 7, 8, 9, 10, 12, 13, 14, 15, 16, 17, 18, 21, 22, 19, 23, 20, 24}
27: {1, 2, 3, 4, 5, Depot, 7, 8, 9, 10, 12, 13, 14, 15, 16, 17, 18, 21, 22, 19, 23, 20, 24}
28: {2, 3, 4, 5, Depot, 7, 8, 9, 10, 12, 13, 14, 15, 16, 17, 18, 21, 22, 19, 23, 20, 24}
29: {3, 4, 5, Depot, 7, 8, 9, 10, 12, 13, 14, 15, 16, 17, 18, 21, 22, 19, 23, 20, 24}
30: {4, 5, Depot, 7, 8, 9, 10, 12, 13, 14, 15, 16, 17, 18, 21, 22, 19, 23, 20, 24, 1, 2, 11, 25, 26}
31: {5, Depot, 7, 8, 9, 10, 12, 13, 14, 15, 16, 17, 18, 21, 22, 19, 23, 20, 24, 1, 2, 11, 25, 26}
32: {Depot, 7, 8, 9, 10, 12, 13, 14, 15, 16, 17, 18, 21, 22, 19, 23, 20, 24, 1, 2, 11, 25, 26}
33: {7, 8, 9, 10, 12, 13, 14, 15, 16, 17, 18, 21, 22, 19, 23, 20, 24, 1, 2, 11, 25, 26, 4}
34: {8, 9, 10, 12, 13, 14, 15, 16, 17, 18, 21, 22, 19, 23, 20, 24, 1, 2, 11, 25, 26, 4, 3, 5, Depot}
35: {9, 10, 12, 13, 14, 15, 16, 17, 18, 21, 22, 19, 23, 20, 24, 1, 2, 11, 25, 26, 4, 3, 5, Depot, 7}
36: {10, 12, 13, 14, 15, 16, 17, 18, 21, 22, 19, 23, 20, 24, 1, 2, 11, 25, 26, 4, 3, 5, Depot, 7}
37: {12, 13, 14, 15, 16, 17, 18, 21, 22, 19, 23, 20, 24, 1, 2, 11, 25, 26, 4, 3, 5, Depot, 7, 8}
38: {13, 14, 15, 16, 17, 18, 21, 22, 19, 23, 20, 24, 1, 2, 11, 25, 26, 4, 3, 5, Depot, 7, 8}
39: {14, 15, 16, 17, 18, 21, 22, 19, 23, 20, 24, 1, 2, 11, 25, 26, 4, 3, 5, Depot, 7, 8}
40: {15, 16, 17, 18, 21, 22, 19, 23, 20, 24, 1, 2, 11, 25, 26, 4, 3, 5, Depot, 7, 8, 12}
41: {16, 17, 18, 21, 22, 19, 23, 20, 24, 1, 2, 11, 25, 26, 4, 3, 5, Depot, 7, 8, 12, 14}
42: {17, 18, 21, 22, 19, 23, 20, 24, 1, 2, 11, 25, 26, 4, 3, 5, Depot, 7, 8, 12, 14}
43: {18, 21, 22, 19, 23, 20, 24, 1, 2, 11, 25, 26, 4, 3, 5, Depot, 7, 8, 12, 14, 15}
44: {21, 22, 19, 23, 20, 24, 1, 2, 11, 25, 26, 4, 3, 5, Depot, 7, 8, 12, 14, 15, 13, 17}
45: {22, 19, 23, 20, 24, 1, 2, 11, 25, 26, 4, 3, 5, Depot, 7, 8, 12, 14, 15, 13, 17}
46: {19, 23, 20, 24, 1, 2, 11, 25, 26, 4, 3, 5, Depot, 7, 8, 12, 14, 15, 13, 17, 21}
47: {23, 20, 24, 1, 2, 11, 25, 26, 4, 3, 5, Depot, 7, 8, 12, 14, 15, 13, 17, 21}
48: {20, 24, 1, 2, 11, 25, 26, 4, 3, 5, Depot, 7, 8, 12, 14, 15, 13, 17, 21, 22}
49: {24, 1, 2, 11, 25, 26, 4, 3, 5, Depot, 7, 8, 12, 14, 15, 13, 17, 21, 22}
50: {1, 2, 11, 25, 26, 4, 3, 5, Depot, 7, 8, 12, 14, 15, 13, 17, 21, 22, 23}
51: {2, 11, 25, 26, 4, 3, 5, Depot, 7, 8, 12, 14, 15, 13, 17, 21, 22, 23}
52: {11, 25, 26, 4, 3, 5, Depot, 7, 8, 12, 14, 15, 13, 17, 21, 22, 23, 1}
53: {25, 26, 4, 3, 5, Depot, 7, 8, 12, 14, 15, 13, 17, 21, 22, 23, 1, 9, 10, 16, 19}
54: {26, 4, 3, 5, Depot, 7, 8, 12, 14, 15, 13, 17, 21, 22, 23, 1, 9, 10, 16, 19, 24}
55: {4, 3, 5, Depot, 7, 8, 12, 14, 15, 13, 17, 21, 22, 23, 1, 9, 10, 16, 19, 24}
56: {3, 5, Depot, 7, 8, 12, 14, 15, 13, 17, 21, 22, 23, 1, 9, 10, 16, 19, 24, 2, 26}
57: {5, Depot, 7, 8, 12, 14, 15, 13, 17, 21, 22, 23, 1, 9, 10, 16, 19, 24, 2, 26}
58: {Depot, 7, 8, 12, 14, 15, 13, 17, 21, 22, 23, 1, 9, 10, 16, 19, 24, 2, 26, 3}
59: {7, 8, 12, 14, 15, 13, 17, 21, 22, 23, 1, 9, 10, 16, 19, 24, 2, 26, 3, 4, 11}
60: {8, 12, 14, 15, 13, 17, 21, 22, 23, 1, 9, 10, 16, 19, 24, 2, 26, 3, 4, 11}
61: {12, 14, 15, 13, 17, 21, 22, 23, 1, 9, 10, 16, 19, 24, 2, 26, 3, 4, 11, Depot}
62: {14, 15, 13, 17, 21, 22, 23, 1, 9, 10, 16, 19, 24, 2, 26, 3, 4, 11, Depot}
63: {15, 13, 17, 21, 22, 23, 1, 9, 10, 16, 19, 24, 2, 26, 3, 4, 11, Depot, 12}
64: {13, 17, 21, 22, 23, 1, 9, 10, 16, 19, 24, 2, 26, 3, 4, 11, Depot, 12, 14}
65: {17, 21, 22, 23, 1, 9, 10, 16, 19, 24, 2, 26, 3, 4, 11, Depot, 12, 14}
66: {21, 22, 23, 1, 9, 10, 16, 19, 24, 2, 26, 3, 4, 11, Depot, 12, 14, 15}
67: {22, 23, 1, 9, 10, 16, 19, 24, 2, 26, 3, 4, 11, Depot, 12, 14, 15}
68: {23, 1, 9, 10, 16, 19, 24, 2, 26, 3, 4, 11, Depot, 12, 14, 15, 21}
69: {1, 9, 10, 16, 19, 24, 2, 26, 3, 4, 11, Depot, 12, 14, 15, 21, 22}
70: {9, 10, 16, 19, 24, 2, 26, 3, 4, 11, Depot, 12, 14, 15, 21, 22, 23}
71: {10, 16, 19, 24, 2, 26, 3, 4, 11, Depot, 12, 14, 15, 21, 22, 23, 1}
72: {16, 19, 24, 2, 26, 3, 4, 11, Depot, 12, 14, 15, 21, 22, 23, 1}
73: {19, 24, 2, 26, 3, 4, 11, Depot, 12, 14, 15, 21, 22, 23, 1}
74: {24, 2, 26, 3, 4, 11, Depot, 12, 14, 15, 21, 22, 23, 1, 16}
75: {2, 26, 3, 4, 11, Depot, 12, 14, 15, 21, 22, 23, 1, 16}
76: {26, 3, 4, 11, Depot, 12, 14, 15, 21, 22, 23, 1, 16}
77: {3, 4, 11, Depot, 12, 14, 15, 21, 22, 23, 1, 16}
78: {4, 11, Depot, 12, 14, 15, 21, 22, 23, 1, 16, 2, 8}
79: {11, Depot, 12, 14, 15, 21, 22, 23, 1, 16, 2, 8, 9, 26}
80: {Depot, 12, 14, 15, 21, 22, 23, 1, 16, 2, 8, 9, 26, 4}
81: {12, 14, 15, 21, 22, 23, 1, 16, 2, 8, 9, 26, 4, 11}
82: {14, 15, 21, 22, 23, 1, 16, 2, 8, 9, 26, 4, 11}
83: {15, 21, 22, 23, 1, 16, 2, 8, 9, 26, 4, 11, 12}
84: {21, 22, 23, 1, 16, 2, 8, 9, 26, 4, 11, 12, 14, 19}
85: {22, 23, 1, 16, 2, 8, 9, 26, 4, 11, 12, 14, 19}
86: {23, 1, 16, 2, 8, 9, 26, 4, 11, 12, 14, 19, 21}
87: {1, 16, 2, 8, 9, 26, 4, 11, 12, 14, 19, 21, 22}
88: {16, 2, 8, 9, 26, 4, 11, 12, 14, 19, 21, 22, 23}
89: {2, 8, 9, 26, 4, 11, 12, 14, 19, 21, 22, 23}
90: {8, 9, 26, 4, 11, 12, 14, 19, 21, 22, 23, 1}
91: {9, 26, 4, 11, 12, 14, 19, 21, 22, 23, 1, Depot, 10}
92: {26, 4, 11, 12, 14, 19, 21, 22, 23, 1, Depot, 10, 2, 16}
93: {4, 11, 12, 14, 19, 21, 22, 23, 1, Depot, 10, 2, 16}
94: {11, 12, 14, 19, 21, 22, 23, 1, Depot, 10, 2, 16, 26}
95: {12, 14, 19, 21, 22, 23, 1, Depot, 10, 2, 16, 26, 9}
96: {14, 19, 21, 22, 23, 1, Depot, 10, 2, 16, 26, 9}
97: {19, 21, 22, 23, 1, Depot, 10, 2, 16, 26, 9, 12}
98: {21, 22, 23, 1, Depot, 10, 2, 16, 26, 9, 12}
99: {22, 23, 1, Depot, 10, 2, 16, 26, 9, 12}
100: {23, 1, Depot, 10, 2, 16, 26, 9, 12, 21}
101: {1, Depot, 10, 2, 16, 26, 9, 12, 21, 22}
102: {Depot, 10, 2, 16, 26, 9, 12, 21, 22, 4, 23}
103: {10, 2, 16, 26, 9, 12, 21, 22, 4, 23, 11}
104: {2, 16, 26, 9, 12, 21, 22, 4, 23, 11}
105: {16, 26, 9, 12, 21, 22, 4, 23, 11, 1}
106: {26, 9, 12, 21, 22, 4, 23, 11, 1}
107: {9, 12, 21, 22, 4, 23, 11, 1}
108: {12, 21, 22, 4, 23, 11, 1}
109: {21, 22, 4, 23, 11, 1}
110: {22, 4, 23, 11, 1, 26}
111: {4, 23, 11, 1, 26, 21}
112: {23, 11, 1, 26, 21, 22}
113: {11, 1, 26, 21, 22}
114: {1, 26, 21, 22, 9}
115: {26, 21, 22, 9}
116: {21, 22, 9}
117: {22, 9}
118: {9, 21}
119: {21, Depot}
120: {Depot}
121: {2, 4}
122: {4}
123: {1, 2}
124: {2}
125: {1}
END: Generating feasible routes
Generated 51 routes
Algorithm has finished in 32 milliseconds

0.0
0, 5, 7, 3, 8, 9, 6, 11, 1, 2, 22, 21, Depot
-120.91623068499293
--------------------------------------

>>> Solving instance C105.txt
Solving the instance for 27 nodes

START: Generating feasible routes
0: {0}
1: {1, 2, 3, 4, 5, Depot, 7, 8, 9, 10, 11, 12, 13, 14, 15, 16, 17, 18, 19, 20, 21, 22, 23, 24, 25}
2: {2, 3, 4, 5, Depot, 7, 8, 9, 10, 11, 12, 13, 14, 15, 16, 17, 18, 19, 20, 21, 22, 23, 24, 25, 26}
3: {3, 4, 5, Depot, 7, 8, 9, 10, 11, 12, 13, 14, 15, 16, 17, 18, 19, 20, 21, 22, 23, 24, 25, 26, 1}
4: {4, 5, Depot, 7, 8, 9, 10, 11, 12, 13, 14, 15, 16, 17, 18, 19, 20, 21, 22, 23, 24, 25, 26, 1, 2}
5: {5, Depot, 7, 8, 9, 10, 11, 12, 13, 14, 15, 16, 17, 18, 19, 20, 21, 22, 23, 24, 25, 26, 1, 2}
6: {Depot, 7, 8, 9, 10, 11, 12, 13, 14, 15, 16, 17, 18, 19, 20, 21, 22, 23, 24, 25, 26, 1, 2, 3, 4}
7: {7, 8, 9, 10, 11, 12, 13, 14, 15, 16, 17, 18, 19, 20, 21, 22, 23, 24, 25, 26, 1, 2, 3, 4}
8: {8, 9, 10, 11, 12, 13, 14, 15, 16, 17, 18, 19, 20, 21, 22, 23, 24, 25, 26, 1, 2, 3, 4, Depot}
9: {9, 10, 11, 12, 13, 14, 15, 16, 17, 18, 19, 20, 21, 22, 23, 24, 25, 26, 1, 2, 3, 4, Depot}
10: {10, 11, 12, 13, 14, 15, 16, 17, 18, 19, 20, 21, 22, 23, 24, 25, 26, 1, 2, 3, 4, Depot}
11: {11, 12, 13, 14, 15, 16, 17, 18, 19, 20, 21, 22, 23, 24, 25, 26, 1, 2, 3, 4, Depot}
12: {12, 13, 14, 15, 16, 17, 18, 19, 20, 21, 22, 23, 24, 25, 26, 1, 2, 3, 4, Depot, 9}
13: {13, 14, 15, 16, 17, 18, 19, 20, 21, 22, 23, 24, 25, 26, 1, 2, 3, 4, Depot, 9}
14: {14, 15, 16, 17, 18, 19, 20, 21, 22, 23, 24, 25, 26, 1, 2, 3, 4, Depot, 9}
15: {15, 16, 17, 18, 19, 20, 21, 22, 23, 24, 25, 26, 1, 2, 3, 4, Depot, 9, 12}
16: {16, 17, 18, 19, 20, 21, 22, 23, 24, 25, 26, 1, 2, 3, 4, Depot, 9, 12, 14}
17: {17, 18, 19, 20, 21, 22, 23, 24, 25, 26, 1, 2, 3, 4, Depot, 9, 12, 14}
18: {18, 19, 20, 21, 22, 23, 24, 25, 26, 1, 2, 3, 4, Depot, 9, 12, 14, 15}
19: {19, 20, 21, 22, 23, 24, 25, 26, 1, 2, 3, 4, Depot, 9, 12, 14, 15}
20: {20, 21, 22, 23, 24, 25, 26, 1, 2, 3, 4, Depot, 9, 12, 14, 15, 16}
21: {21, 22, 23, 24, 25, 26, 1, 2, 3, 4, Depot, 9, 12, 14, 15, 16, 10, 13, 17, 18}
22: {22, 23, 24, 25, 26, 1, 2, 3, 4, Depot, 9, 12, 14, 15, 16, 10, 13, 17, 18}
23: {23, 24, 25, 26, 1, 2, 3, 4, Depot, 9, 12, 14, 15, 16, 10, 13, 17, 18, 21}
24: {24, 25, 26, 1, 2, 3, 4, Depot, 9, 12, 14, 15, 16, 10, 13, 17, 18, 21, 22}
25: {25, 26, 1, 2, 3, 4, Depot, 9, 12, 14, 15, 16, 10, 13, 17, 18, 21, 22, 19, 23}
26: {26, 1, 2, 3, 4, Depot, 9, 12, 14, 15, 16, 10, 13, 17, 18, 21, 22, 19, 23, 8}
27: {1, 2, 3, 4, Depot, 9, 12, 14, 15, 16, 10, 13, 17, 18, 21, 22, 19, 23, 8}
28: {2, 3, 4, Depot, 9, 12, 14, 15, 16, 10, 13, 17, 18, 21, 22, 19, 23, 8}
29: {3, 4, Depot, 9, 12, 14, 15, 16, 10, 13, 17, 18, 21, 22, 19, 23, 8}
30: {4, Depot, 9, 12, 14, 15, 16, 10, 13, 17, 18, 21, 22, 19, 23, 8, 1, 2, 7, 11}
31: {Depot, 9, 12, 14, 15, 16, 10, 13, 17, 18, 21, 22, 19, 23, 8, 1, 2, 7, 11, 26}
32: {9, 12, 14, 15, 16, 10, 13, 17, 18, 21, 22, 19, 23, 8, 1, 2, 7, 11, 26, 4}
33: {12, 14, 15, 16, 10, 13, 17, 18, 21, 22, 19, 23, 8, 1, 2, 7, 11, 26, 4, Depot}
34: {14, 15, 16, 10, 13, 17, 18, 21, 22, 19, 23, 8, 1, 2, 7, 11, 26, 4, Depot}
35: {15, 16, 10, 13, 17, 18, 21, 22, 19, 23, 8, 1, 2, 7, 11, 26, 4, Depot, 12}
36: {16, 10, 13, 17, 18, 21, 22, 19, 23, 8, 1, 2, 7, 11, 26, 4, Depot, 12}
37: {10, 13, 17, 18, 21, 22, 19, 23, 8, 1, 2, 7, 11, 26, 4, Depot, 12}
38: {13, 17, 18, 21, 22, 19, 23, 8, 1, 2, 7, 11, 26, 4, Depot, 12, 14, 15}
39: {17, 18, 21, 22, 19, 23, 8, 1, 2, 7, 11, 26, 4, Depot, 12, 14, 15}
40: {18, 21, 22, 19, 23, 8, 1, 2, 7, 11, 26, 4, Depot, 12, 14, 15}
41: {21, 22, 19, 23, 8, 1, 2, 7, 11, 26, 4, Depot, 12, 14, 15}
42: {22, 19, 23, 8, 1, 2, 7, 11, 26, 4, Depot, 12, 14, 15}
43: {19, 23, 8, 1, 2, 7, 11, 26, 4, Depot, 12, 14, 15, 21}
44: {23, 8, 1, 2, 7, 11, 26, 4, Depot, 12, 14, 15, 21}
45: {8, 1, 2, 7, 11, 26, 4, Depot, 12, 14, 15, 21, 22}
46: {1, 2, 7, 11, 26, 4, Depot, 12, 14, 15, 21, 22, 9, 10}
47: {2, 7, 11, 26, 4, Depot, 12, 14, 15, 21, 22, 9, 10}
48: {7, 11, 26, 4, Depot, 12, 14, 15, 21, 22, 9, 10, 1}
49: {11, 26, 4, Depot, 12, 14, 15, 21, 22, 9, 10, 1, 19}
50: {26, 4, Depot, 12, 14, 15, 21, 22, 9, 10, 1, 19, 16}
51: {4, Depot, 12, 14, 15, 21, 22, 9, 10, 1, 19, 16}
52: {Depot, 12, 14, 15, 21, 22, 9, 10, 1, 19, 16, 2, 26}
53: {12, 14, 15, 21, 22, 9, 10, 1, 19, 16, 2, 26, 4, 23}
54: {14, 15, 21, 22, 9, 10, 1, 19, 16, 2, 26, 4, 23}
55: {15, 21, 22, 9, 10, 1, 19, 16, 2, 26, 4, 23, 12}
56: {21, 22, 9, 10, 1, 19, 16, 2, 26, 4, 23, 12}
57: {22, 9, 10, 1, 19, 16, 2, 26, 4, 23, 12}
58: {9, 10, 1, 19, 16, 2, 26, 4, 23, 12, 21}
59: {10, 1, 19, 16, 2, 26, 4, 23, 12, 21, Depot, 14, 22}
60: {1, 19, 16, 2, 26, 4, 23, 12, 21, Depot, 14, 22, 11, 15}
61: {19, 16, 2, 26, 4, 23, 12, 21, Depot, 14, 22, 11, 15}
62: {16, 2, 26, 4, 23, 12, 21, Depot, 14, 22, 11, 15}
63: {2, 26, 4, 23, 12, 21, Depot, 14, 22, 11, 15}
64: {26, 4, 23, 12, 21, Depot, 14, 22, 11, 15, 1}
65: {4, 23, 12, 21, Depot, 14, 22, 11, 15, 1}
66: {23, 12, 21, Depot, 14, 22, 11, 15, 1, 2, 26}
67: {12, 21, Depot, 14, 22, 11, 15, 1, 2, 26}
68: {21, Depot, 14, 22, 11, 15, 1, 2, 26}
69: {Depot, 14, 22, 11, 15, 1, 2, 26}
70: {14, 22, 11, 15, 1, 2, 26, 4, 12, 23}
71: {22, 11, 15, 1, 2, 26, 4, 12, 23}
72: {11, 15, 1, 2, 26, 4, 12, 23, 21}
73: {15, 1, 2, 26, 4, 12, 23, 21, Depot, 9, 14, 16}
74: {1, 2, 26, 4, 12, 23, 21, Depot, 9, 14, 16}
75: {2, 26, 4, 12, 23, 21, Depot, 9, 14, 16}
76: {26, 4, 12, 23, 21, Depot, 9, 14, 16, 1}
77: {4, 12, 23, 21, Depot, 9, 14, 16, 1}
78: {12, 23, 21, Depot, 9, 14, 16, 1, 2, 22, 26}
79: {23, 21, Depot, 9, 14, 16, 1, 2, 22, 26}
80: {21, Depot, 9, 14, 16, 1, 2, 22, 26}
81: {Depot, 9, 14, 16, 1, 2, 22, 26}
82: {9, 14, 16, 1, 2, 22, 26, 4}
83: {14, 16, 1, 2, 22, 26, 4, Depot}
84: {16, 1, 2, 22, 26, 4, Depot, 12}
85: {1, 2, 22, 26, 4, Depot, 12}
86: {2, 22, 26, 4, Depot, 12}
87: {22, 26, 4, Depot, 12, 1}
88: {26, 4, Depot, 12, 1, 21}
89: {4, Depot, 12, 1, 21}
90: {Depot, 12, 1, 21, 26}
91: {12, 1, 21, 26, 2, 4, 22, 23}
92: {1, 21, 26, 2, 4, 22, 23}
93: {21, 26, 2, 4, 22, 23}
94: {26, 2, 4, 22, 23}
95: {2, 4, 22, 23}
96: {4, 22, 23, 1}
97: {22, 23, 1, 2, 26}
98: {23, 1, 2, 26}
99: {1, 2, 26, 21, 22}
100: {2, 26, 21, 22}
101: {26, 21, 22, 1}
102: {21, 22, 1}
103: {22, 1, 26}
104: {1, 26, 21}
105: {26, 21}
106: {21}
107: {26}
END: Generating feasible routes
Generated 24 routes
Algorithm has finished in 6 milliseconds

0.0
0, 5, 3, 7, 10, 11, 9, 6, 23, 22, 21, Depot
-86.83178047013892
--------------------------------------

>>> Solving instance C106.txt
Solving the instance for 27 nodes

START: Generating feasible routes
0: {0}
1: {1, 2, 3, 4, 5, Depot, 7, 8, 9, 10, 11, 12, 13, 14, 15, 16, 17, 18, 19, 20, 21, 22, 23, 24, 25}
2: {2, 3, 4, 5, Depot, 7, 8, 9, 10, 11, 12, 13, 14, 15, 16, 17, 18, 19, 20, 21, 22, 23, 24, 25, 26}
3: {3, 4, 5, Depot, 7, 8, 9, 10, 11, 12, 13, 14, 15, 16, 17, 18, 19, 20, 21, 22, 23, 24, 25, 26, 1}
4: {4, 5, Depot, 7, 8, 9, 10, 11, 12, 13, 14, 15, 16, 17, 18, 19, 20, 21, 22, 23, 24, 25, 26, 1, 2}
5: {5, Depot, 7, 8, 9, 10, 11, 12, 13, 14, 15, 16, 17, 18, 19, 20, 21, 22, 23, 24, 25, 26, 1, 2}
6: {Depot, 7, 8, 9, 10, 11, 12, 13, 14, 15, 16, 17, 18, 19, 20, 21, 22, 23, 24, 25, 26, 1, 2, 3, 4}
7: {7, 8, 9, 10, 11, 12, 13, 14, 15, 16, 17, 18, 19, 20, 21, 22, 23, 24, 25, 26, 1, 2, 3, 4}
8: {8, 9, 10, 11, 12, 13, 14, 15, 16, 17, 18, 19, 20, 21, 22, 23, 24, 25, 26, 1, 2, 3, 4, Depot}
9: {9, 10, 11, 12, 13, 14, 15, 16, 17, 18, 19, 20, 21, 22, 23, 24, 25, 26, 1, 2, 3, 4, Depot}
10: {10, 11, 12, 13, 14, 15, 16, 17, 18, 19, 20, 21, 22, 23, 24, 25, 26, 1, 2, 3, 4, Depot}
11: {11, 12, 13, 14, 15, 16, 17, 18, 19, 20, 21, 22, 23, 24, 25, 26, 1, 2, 3, 4, Depot}
12: {12, 13, 14, 15, 16, 17, 18, 19, 20, 21, 22, 23, 24, 25, 26, 1, 2, 3, 4, Depot, 9}
13: {13, 14, 15, 16, 17, 18, 19, 20, 21, 22, 23, 24, 25, 26, 1, 2, 3, 4, Depot, 9}
14: {14, 15, 16, 17, 18, 19, 20, 21, 22, 23, 24, 25, 26, 1, 2, 3, 4, Depot, 9}
15: {15, 16, 17, 18, 19, 20, 21, 22, 23, 24, 25, 26, 1, 2, 3, 4, Depot, 9, 12}
16: {16, 17, 18, 19, 20, 21, 22, 23, 24, 25, 26, 1, 2, 3, 4, Depot, 9, 12}
17: {17, 18, 19, 20, 21, 22, 23, 24, 25, 26, 1, 2, 3, 4, Depot, 9, 12}
18: {18, 19, 20, 21, 22, 23, 24, 25, 26, 1, 2, 3, 4, Depot, 9, 12, 15}
19: {19, 20, 21, 22, 23, 24, 25, 26, 1, 2, 3, 4, Depot, 9, 12, 15}
20: {20, 21, 22, 23, 24, 25, 26, 1, 2, 3, 4, Depot, 9, 12, 15, 14, 16}
21: {21, 22, 23, 24, 25, 26, 1, 2, 3, 4, Depot, 9, 12, 15, 14, 16, 10, 17, 18}
22: {22, 23, 24, 25, 26, 1, 2, 3, 4, Depot, 9, 12, 15, 14, 16, 10, 17, 18}
23: {23, 24, 25, 26, 1, 2, 3, 4, Depot, 9, 12, 15, 14, 16, 10, 17, 18, 21}
24: {24, 25, 26, 1, 2, 3, 4, Depot, 9, 12, 15, 14, 16, 10, 17, 18, 21, 22}
25: {25, 26, 1, 2, 3, 4, Depot, 9, 12, 15, 14, 16, 10, 17, 18, 21, 22, 19, 23}
26: {26, 1, 2, 3, 4, Depot, 9, 12, 15, 14, 16, 10, 17, 18, 21, 22, 19, 23, 8}
27: {1, 2, 3, 4, Depot, 9, 12, 15, 14, 16, 10, 17, 18, 21, 22, 19, 23, 8}
28: {2, 3, 4, Depot, 9, 12, 15, 14, 16, 10, 17, 18, 21, 22, 19, 23, 8, 26}
29: {3, 4, Depot, 9, 12, 15, 14, 16, 10, 17, 18, 21, 22, 19, 23, 8, 26}
30: {4, Depot, 9, 12, 15, 14, 16, 10, 17, 18, 21, 22, 19, 23, 8, 26, 1, 2, 7, 11}
31: {Depot, 9, 12, 15, 14, 16, 10, 17, 18, 21, 22, 19, 23, 8, 26, 1, 2, 7, 11}
32: {9, 12, 15, 14, 16, 10, 17, 18, 21, 22, 19, 23, 8, 26, 1, 2, 7, 11, 4}
33: {12, 15, 14, 16, 10, 17, 18, 21, 22, 19, 23, 8, 26, 1, 2, 7, 11, 4, Depot}
34: {15, 14, 16, 10, 17, 18, 21, 22, 19, 23, 8, 26, 1, 2, 7, 11, 4, Depot}
35: {14, 16, 10, 17, 18, 21, 22, 19, 23, 8, 26, 1, 2, 7, 11, 4, Depot}
36: {16, 10, 17, 18, 21, 22, 19, 23, 8, 26, 1, 2, 7, 11, 4, Depot, 12}
37: {10, 17, 18, 21, 22, 19, 23, 8, 26, 1, 2, 7, 11, 4, Depot, 12}
38: {17, 18, 21, 22, 19, 23, 8, 26, 1, 2, 7, 11, 4, Depot, 12, 14}
39: {18, 21, 22, 19, 23, 8, 26, 1, 2, 7, 11, 4, Depot, 12, 14}
40: {21, 22, 19, 23, 8, 26, 1, 2, 7, 11, 4, Depot, 12, 14, 15}
41: {22, 19, 23, 8, 26, 1, 2, 7, 11, 4, Depot, 12, 14, 15}
42: {19, 23, 8, 26, 1, 2, 7, 11, 4, Depot, 12, 14, 15, 21}
43: {23, 8, 26, 1, 2, 7, 11, 4, Depot, 12, 14, 15, 21}
44: {8, 26, 1, 2, 7, 11, 4, Depot, 12, 14, 15, 21, 22}
45: {26, 1, 2, 7, 11, 4, Depot, 12, 14, 15, 21, 22, 9, 10}
46: {1, 2, 7, 11, 4, Depot, 12, 14, 15, 21, 22, 9, 10}
47: {2, 7, 11, 4, Depot, 12, 14, 15, 21, 22, 9, 10}
48: {7, 11, 4, Depot, 12, 14, 15, 21, 22, 9, 10, 1}
49: {11, 4, Depot, 12, 14, 15, 21, 22, 9, 10, 1, 19}
50: {4, Depot, 12, 14, 15, 21, 22, 9, 10, 1, 19, 26}
51: {Depot, 12, 14, 15, 21, 22, 9, 10, 1, 19, 26, 2}
52: {12, 14, 15, 21, 22, 9, 10, 1, 19, 26, 2, 4, 23}
53: {14, 15, 21, 22, 9, 10, 1, 19, 26, 2, 4, 23}
54: {15, 21, 22, 9, 10, 1, 19, 26, 2, 4, 23, 12}
55: {21, 22, 9, 10, 1, 19, 26, 2, 4, 23, 12}
56: {22, 9, 10, 1, 19, 26, 2, 4, 23, 12}
57: {9, 10, 1, 19, 26, 2, 4, 23, 12, 21}
58: {10, 1, 19, 26, 2, 4, 23, 12, 21, Depot, 14, 22}
59: {1, 19, 26, 2, 4, 23, 12, 21, Depot, 14, 22, 11, 16}
60: {19, 26, 2, 4, 23, 12, 21, Depot, 14, 22, 11, 16}
61: {26, 2, 4, 23, 12, 21, Depot, 14, 22, 11, 16}
62: {2, 4, 23, 12, 21, Depot, 14, 22, 11, 16}
63: {4, 23, 12, 21, Depot, 14, 22, 11, 16, 1}
64: {23, 12, 21, Depot, 14, 22, 11, 16, 1, 2, 26}
65: {12, 21, Depot, 14, 22, 11, 16, 1, 2, 26}
66: {21, Depot, 14, 22, 11, 16, 1, 2, 26}
67: {Depot, 14, 22, 11, 16, 1, 2, 26}
68: {14, 22, 11, 16, 1, 2, 26, 4, 12, 23}
69: {22, 11, 16, 1, 2, 26, 4, 12, 23}
70: {11, 16, 1, 2, 26, 4, 12, 23, 21}
71: {16, 1, 2, 26, 4, 12, 23, 21, Depot, 9, 14}
72: {1, 2, 26, 4, 12, 23, 21, Depot, 9, 14}
73: {2, 26, 4, 12, 23, 21, Depot, 9, 14}
74: {26, 4, 12, 23, 21, Depot, 9, 14, 1}
75: {4, 12, 23, 21, Depot, 9, 14, 1}
76: {12, 23, 21, Depot, 9, 14, 1, 2, 22, 26}
77: {23, 21, Depot, 9, 14, 1, 2, 22, 26}
78: {21, Depot, 9, 14, 1, 2, 22, 26}
79: {Depot, 9, 14, 1, 2, 22, 26}
80: {9, 14, 1, 2, 22, 26, 4}
81: {14, 1, 2, 22, 26, 4, Depot}
82: {1, 2, 22, 26, 4, Depot, 12}
83: {2, 22, 26, 4, Depot, 12}
84: {22, 26, 4, Depot, 12, 1}
85: {26, 4, Depot, 12, 1, 21}
86: {4, Depot, 12, 1, 21}
87: {Depot, 12, 1, 21, 22, 26}
88: {12, 1, 21, 22, 26, 2, 4, 23}
89: {1, 21, 22, 26, 2, 4, 23}
90: {21, 22, 26, 2, 4, 23}
91: {22, 26, 2, 4, 23}
92: {26, 2, 4, 23}
93: {2, 4, 23}
94: {4, 23, 1}
95: {23, 1, 2, 26}
96: {1, 2, 26, 21, 22}
97: {2, 26, 21, 22}
98: {26, 21, 22, 1}
99: {21, 22, 1}
100: {22, 1, 26}
101: {1, 26, 21}
102: {26, 21}
103: {21}
104: {26}
END: Generating feasible routes
Generated 24 routes
Algorithm has finished in 5 milliseconds

0.0
0, 5, 3, 7, 10, 11, 9, 6, 23, 22, 21, Depot
-86.83178047013892
--------------------------------------

>>> Solving instance C107.txt
Solving the instance for 27 nodes

START: Generating feasible routes
0: {0}
1: {1, 2, 3, 4, 5, Depot, 7, 8, 9, 10, 11, 12, 13, 14, 15, 16, 17, 18, 19, 20, 21, 22, 23, 24, 25}
2: {2, 3, 4, 5, Depot, 7, 8, 9, 10, 11, 12, 13, 14, 15, 16, 17, 18, 19, 20, 21, 22, 23, 24, 25, 26}
3: {3, 4, 5, Depot, 7, 8, 9, 10, 11, 12, 13, 14, 15, 16, 17, 18, 19, 20, 21, 22, 23, 24, 25, 26, 1}
4: {4, 5, Depot, 7, 8, 9, 10, 11, 12, 13, 14, 15, 16, 17, 18, 19, 20, 21, 22, 23, 24, 25, 26, 1, 2}
5: {5, Depot, 7, 8, 9, 10, 11, 12, 13, 14, 15, 16, 17, 18, 19, 20, 21, 22, 23, 24, 25, 26, 1, 2}
6: {Depot, 7, 8, 9, 10, 11, 12, 13, 14, 15, 16, 17, 18, 19, 20, 21, 22, 23, 24, 25, 26, 1, 2, 3, 4}
7: {7, 8, 9, 10, 11, 12, 13, 14, 15, 16, 17, 18, 19, 20, 21, 22, 23, 24, 25, 26, 1, 2, 3, 4}
8: {8, 9, 10, 11, 12, 13, 14, 15, 16, 17, 18, 19, 20, 21, 22, 23, 24, 25, 26, 1, 2, 3, 4, Depot}
9: {9, 10, 11, 12, 13, 14, 15, 16, 17, 18, 19, 20, 21, 22, 23, 24, 25, 26, 1, 2, 3, 4, Depot}
10: {10, 11, 12, 13, 14, 15, 16, 17, 18, 19, 20, 21, 22, 23, 24, 25, 26, 1, 2, 3, 4, Depot}
11: {11, 12, 13, 14, 15, 16, 17, 18, 19, 20, 21, 22, 23, 24, 25, 26, 1, 2, 3, 4, Depot}
12: {12, 13, 14, 15, 16, 17, 18, 19, 20, 21, 22, 23, 24, 25, 26, 1, 2, 3, 4, Depot, 9}
13: {13, 14, 15, 16, 17, 18, 19, 20, 21, 22, 23, 24, 25, 26, 1, 2, 3, 4, Depot, 9}
14: {14, 15, 16, 17, 18, 19, 20, 21, 22, 23, 24, 25, 26, 1, 2, 3, 4, Depot, 9}
15: {15, 16, 17, 18, 19, 20, 21, 22, 23, 24, 25, 26, 1, 2, 3, 4, Depot, 9, 12}
16: {16, 17, 18, 19, 20, 21, 22, 23, 24, 25, 26, 1, 2, 3, 4, Depot, 9, 12, 14}
17: {17, 18, 19, 20, 21, 22, 23, 24, 25, 26, 1, 2, 3, 4, Depot, 9, 12, 14}
18: {18, 19, 20, 21, 22, 23, 24, 25, 26, 1, 2, 3, 4, Depot, 9, 12, 14, 15}
19: {19, 20, 21, 22, 23, 24, 25, 26, 1, 2, 3, 4, Depot, 9, 12, 14, 15}
20: {20, 21, 22, 23, 24, 25, 26, 1, 2, 3, 4, Depot, 9, 12, 14, 15, 16}
21: {21, 22, 23, 24, 25, 26, 1, 2, 3, 4, Depot, 9, 12, 14, 15, 16, 10, 13, 17, 18}
22: {22, 23, 24, 25, 26, 1, 2, 3, 4, Depot, 9, 12, 14, 15, 16, 10, 13, 17, 18}
23: {23, 24, 25, 26, 1, 2, 3, 4, Depot, 9, 12, 14, 15, 16, 10, 13, 17, 18, 21}
24: {24, 25, 26, 1, 2, 3, 4, Depot, 9, 12, 14, 15, 16, 10, 13, 17, 18, 21, 22}
25: {25, 26, 1, 2, 3, 4, Depot, 9, 12, 14, 15, 16, 10, 13, 17, 18, 21, 22, 19, 23}
26: {26, 1, 2, 3, 4, Depot, 9, 12, 14, 15, 16, 10, 13, 17, 18, 21, 22, 19, 23, 8}
27: {1, 2, 3, 4, Depot, 9, 12, 14, 15, 16, 10, 13, 17, 18, 21, 22, 19, 23, 8}
28: {2, 3, 4, Depot, 9, 12, 14, 15, 16, 10, 13, 17, 18, 21, 22, 19, 23, 8}
29: {3, 4, Depot, 9, 12, 14, 15, 16, 10, 13, 17, 18, 21, 22, 19, 23, 8}
30: {4, Depot, 9, 12, 14, 15, 16, 10, 13, 17, 18, 21, 22, 19, 23, 8, 1, 2, 7, 11}
31: {Depot, 9, 12, 14, 15, 16, 10, 13, 17, 18, 21, 22, 19, 23, 8, 1, 2, 7, 11, 26}
32: {9, 12, 14, 15, 16, 10, 13, 17, 18, 21, 22, 19, 23, 8, 1, 2, 7, 11, 26, 4}
33: {12, 14, 15, 16, 10, 13, 17, 18, 21, 22, 19, 23, 8, 1, 2, 7, 11, 26, 4, Depot}
34: {14, 15, 16, 10, 13, 17, 18, 21, 22, 19, 23, 8, 1, 2, 7, 11, 26, 4, Depot}
35: {15, 16, 10, 13, 17, 18, 21, 22, 19, 23, 8, 1, 2, 7, 11, 26, 4, Depot, 12}
36: {16, 10, 13, 17, 18, 21, 22, 19, 23, 8, 1, 2, 7, 11, 26, 4, Depot, 12}
37: {10, 13, 17, 18, 21, 22, 19, 23, 8, 1, 2, 7, 11, 26, 4, Depot, 12}
38: {13, 17, 18, 21, 22, 19, 23, 8, 1, 2, 7, 11, 26, 4, Depot, 12, 14, 15}
39: {17, 18, 21, 22, 19, 23, 8, 1, 2, 7, 11, 26, 4, Depot, 12, 14, 15}
40: {18, 21, 22, 19, 23, 8, 1, 2, 7, 11, 26, 4, Depot, 12, 14, 15}
41: {21, 22, 19, 23, 8, 1, 2, 7, 11, 26, 4, Depot, 12, 14, 15}
42: {22, 19, 23, 8, 1, 2, 7, 11, 26, 4, Depot, 12, 14, 15}
43: {19, 23, 8, 1, 2, 7, 11, 26, 4, Depot, 12, 14, 15, 21}
44: {23, 8, 1, 2, 7, 11, 26, 4, Depot, 12, 14, 15, 21}
45: {8, 1, 2, 7, 11, 26, 4, Depot, 12, 14, 15, 21, 22}
46: {1, 2, 7, 11, 26, 4, Depot, 12, 14, 15, 21, 22, 9, 10}
47: {2, 7, 11, 26, 4, Depot, 12, 14, 15, 21, 22, 9, 10}
48: {7, 11, 26, 4, Depot, 12, 14, 15, 21, 22, 9, 10, 1}
49: {11, 26, 4, Depot, 12, 14, 15, 21, 22, 9, 10, 1, 19}
50: {26, 4, Depot, 12, 14, 15, 21, 22, 9, 10, 1, 19, 16}
51: {4, Depot, 12, 14, 15, 21, 22, 9, 10, 1, 19, 16}
52: {Depot, 12, 14, 15, 21, 22, 9, 10, 1, 19, 16, 2, 26}
53: {12, 14, 15, 21, 22, 9, 10, 1, 19, 16, 2, 26, 4, 23}
54: {14, 15, 21, 22, 9, 10, 1, 19, 16, 2, 26, 4, 23}
55: {15, 21, 22, 9, 10, 1, 19, 16, 2, 26, 4, 23, 12}
56: {21, 22, 9, 10, 1, 19, 16, 2, 26, 4, 23, 12, 14}
57: {22, 9, 10, 1, 19, 16, 2, 26, 4, 23, 12, 14}
58: {9, 10, 1, 19, 16, 2, 26, 4, 23, 12, 14, 21}
59: {10, 1, 19, 16, 2, 26, 4, 23, 12, 14, 21, Depot}
60: {1, 19, 16, 2, 26, 4, 23, 12, 14, 21, Depot, 11, 15}
61: {19, 16, 2, 26, 4, 23, 12, 14, 21, Depot, 11, 15}
62: {16, 2, 26, 4, 23, 12, 14, 21, Depot, 11, 15}
63: {2, 26, 4, 23, 12, 14, 21, Depot, 11, 15}
64: {26, 4, 23, 12, 14, 21, Depot, 11, 15, 1, 22}
65: {4, 23, 12, 14, 21, Depot, 11, 15, 1, 22}
66: {23, 12, 14, 21, Depot, 11, 15, 1, 22, 2, 26}
67: {12, 14, 21, Depot, 11, 15, 1, 22, 2, 26}
68: {14, 21, Depot, 11, 15, 1, 22, 2, 26}
69: {21, Depot, 11, 15, 1, 22, 2, 26, 12}
70: {Depot, 11, 15, 1, 22, 2, 26, 12}
71: {11, 15, 1, 22, 2, 26, 12, 4, 23}
72: {15, 1, 22, 2, 26, 12, 4, 23, Depot, 9, 14, 16}
73: {1, 22, 2, 26, 12, 4, 23, Depot, 9, 14, 16}
74: {22, 2, 26, 12, 4, 23, Depot, 9, 14, 16, 21}
75: {2, 26, 12, 4, 23, Depot, 9, 14, 16, 21}
76: {26, 12, 4, 23, Depot, 9, 14, 16, 21, 1}
77: {12, 4, 23, Depot, 9, 14, 16, 21, 1}
78: {4, 23, Depot, 9, 14, 16, 21, 1}
79: {23, Depot, 9, 14, 16, 21, 1, 2, 26}
80: {Depot, 9, 14, 16, 21, 1, 2, 26, 22}
81: {9, 14, 16, 21, 1, 2, 26, 22, 4}
82: {14, 16, 21, 1, 2, 26, 22, 4, Depot, 23}
83: {16, 21, 1, 2, 26, 22, 4, Depot, 23, 12}
84: {21, 1, 2, 26, 22, 4, Depot, 23, 12}
85: {1, 2, 26, 22, 4, Depot, 23, 12}
86: {2, 26, 22, 4, Depot, 23, 12, 21}
87: {26, 22, 4, Depot, 23, 12, 21, 1}
88: {22, 4, Depot, 23, 12, 21, 1}
89: {4, Depot, 23, 12, 21, 1}
90: {Depot, 23, 12, 21, 1, 26}
91: {23, 12, 21, 1, 26, 2, 4}
92: {12, 21, 1, 26, 2, 4, 22}
93: {21, 1, 26, 2, 4, 22}
94: {1, 26, 2, 4, 22}
95: {26, 2, 4, 22, 21}
96: {2, 4, 22, 21}
97: {4, 22, 21, 1}
98: {22, 21, 1, 2, 23, 26}
99: {21, 1, 2, 23, 26}
100: {1, 2, 23, 26}
101: {2, 23, 26, 21}
102: {23, 26, 21, 1}
103: {26, 21, 1, 22}
104: {21, 1, 22}
105: {1, 22, 26}
106: {22, 26, 21}
107: {26, 21}
108: {21}
109: {26}
END: Generating feasible routes
Generated 31 routes
Algorithm has finished in 6 milliseconds

0.0
0, 5, 3, 7, 10, 11, 9, 6, 4, 2, 1, 21, Depot
-89.49753793229961
--------------------------------------

>>> Solving instance C104.txt
Solving the instance for 27 nodes

START: Generating feasible routes
0: {0}
1: {1, 2, 3, 4, 5, Depot, 7, 8, 9, 10, 11, 12, 13, 14, 15, 16, 17, 18, 19, 20, 21, 22, 23, 24, 25}
2: {2, 3, 4, 5, Depot, 7, 8, 9, 10, 11, 12, 13, 14, 15, 16, 17, 18, 19, 20, 21, 22, 23, 24, 25, 26}
3: {3, 4, 5, Depot, 7, 8, 9, 10, 11, 12, 13, 14, 15, 16, 17, 18, 19, 20, 21, 22, 23, 24, 25, 26, 1}
4: {4, 5, Depot, 7, 8, 9, 10, 11, 12, 13, 14, 15, 16, 17, 18, 19, 20, 21, 22, 23, 24, 25, 26, 1, 2}
5: {5, Depot, 7, 8, 9, 10, 11, 12, 13, 14, 15, 16, 17, 18, 19, 20, 21, 22, 23, 24, 25, 26, 1, 2, 3}
6: {Depot, 7, 8, 9, 10, 11, 12, 13, 14, 15, 16, 17, 18, 19, 20, 21, 22, 23, 24, 25, 26, 1, 2, 3, 4}
7: {7, 8, 9, 10, 11, 12, 13, 14, 15, 16, 17, 18, 19, 20, 21, 22, 23, 24, 25, 26, 1, 2, 3, 4, 5}
8: {8, 9, 10, 11, 12, 13, 14, 15, 16, 17, 18, 19, 20, 21, 22, 23, 24, 25, 26, 1, 2, 3, 4, 5, Depot}
9: {9, 10, 11, 12, 13, 14, 15, 16, 17, 18, 19, 20, 21, 22, 23, 24, 25, 26, 1, 2, 3, 4, 5, Depot, 7}
10: {10, 11, 12, 13, 14, 15, 16, 17, 18, 19, 20, 21, 22, 23, 24, 25, 26, 1, 2, 3, 4, 5, Depot, 7}
11: {11, 12, 13, 14, 15, 16, 17, 18, 19, 20, 21, 22, 23, 24, 25, 26, 1, 2, 3, 4, 5, Depot, 7, 8, 9}
12: {12, 13, 14, 15, 16, 17, 18, 19, 20, 21, 22, 23, 24, 25, 26, 1, 2, 3, 4, 5, Depot, 7, 8, 9, 10}
13: {13, 14, 15, 16, 17, 18, 19, 20, 21, 22, 23, 24, 25, 26, 1, 2, 3, 4, 5, Depot, 7, 8, 9, 10}
14: {14, 15, 16, 17, 18, 19, 20, 21, 22, 23, 24, 25, 26, 1, 2, 3, 4, 5, Depot, 7, 8, 9, 10, 12}
15: {15, 16, 17, 18, 19, 20, 21, 22, 23, 24, 25, 26, 1, 2, 3, 4, 5, Depot, 7, 8, 9, 10, 12}
16: {16, 17, 18, 19, 20, 21, 22, 23, 24, 25, 26, 1, 2, 3, 4, 5, Depot, 7, 8, 9, 10, 12, 14}
17: {17, 18, 19, 20, 21, 22, 23, 24, 25, 26, 1, 2, 3, 4, 5, Depot, 7, 8, 9, 10, 12, 14, 15}
18: {18, 19, 20, 21, 22, 23, 24, 25, 26, 1, 2, 3, 4, 5, Depot, 7, 8, 9, 10, 12, 14, 15, 16}
19: {19, 20, 21, 22, 23, 24, 25, 26, 1, 2, 3, 4, 5, Depot, 7, 8, 9, 10, 12, 14, 15, 16, 11, 17}
20: {20, 21, 22, 23, 24, 25, 26, 1, 2, 3, 4, 5, Depot, 7, 8, 9, 10, 12, 14, 15, 16, 11, 17, 18}
21: {21, 22, 23, 24, 25, 26, 1, 2, 3, 4, 5, Depot, 7, 8, 9, 10, 12, 14, 15, 16, 11, 17, 18}
22: {22, 23, 24, 25, 26, 1, 2, 3, 4, 5, Depot, 7, 8, 9, 10, 12, 14, 15, 16, 11, 17, 18, 19, 20}
23: {23, 24, 25, 26, 1, 2, 3, 4, 5, Depot, 7, 8, 9, 10, 12, 14, 15, 16, 11, 17, 18, 19, 20, 21}
24: {24, 25, 26, 1, 2, 3, 4, 5, Depot, 7, 8, 9, 10, 12, 14, 15, 16, 11, 17, 18, 19, 20, 21, 22}
25: {25, 26, 1, 2, 3, 4, 5, Depot, 7, 8, 9, 10, 12, 14, 15, 16, 11, 17, 18, 19, 20, 21, 22, 23}
26: {26, 1, 2, 3, 4, 5, Depot, 7, 8, 9, 10, 12, 14, 15, 16, 11, 17, 18, 19, 20, 21, 22, 23, 24}
27: {1, 2, 3, 4, 5, Depot, 7, 8, 9, 10, 12, 14, 15, 16, 11, 17, 18, 19, 20, 21, 22, 23, 24}
28: {2, 3, 4, 5, Depot, 7, 8, 9, 10, 12, 14, 15, 16, 11, 17, 18, 19, 20, 21, 22, 23, 24}
29: {3, 4, 5, Depot, 7, 8, 9, 10, 12, 14, 15, 16, 11, 17, 18, 19, 20, 21, 22, 23, 24, 1}
30: {4, 5, Depot, 7, 8, 9, 10, 12, 14, 15, 16, 11, 17, 18, 19, 20, 21, 22, 23, 24, 1, 2, 25, 26}
31: {5, Depot, 7, 8, 9, 10, 12, 14, 15, 16, 11, 17, 18, 19, 20, 21, 22, 23, 24, 1, 2, 25, 26, 3}
32: {Depot, 7, 8, 9, 10, 12, 14, 15, 16, 11, 17, 18, 19, 20, 21, 22, 23, 24, 1, 2, 25, 26, 3, 4}
33: {7, 8, 9, 10, 12, 14, 15, 16, 11, 17, 18, 19, 20, 21, 22, 23, 24, 1, 2, 25, 26, 3, 4, 5}
34: {8, 9, 10, 12, 14, 15, 16, 11, 17, 18, 19, 20, 21, 22, 23, 24, 1, 2, 25, 26, 3, 4, 5, Depot}
35: {9, 10, 12, 14, 15, 16, 11, 17, 18, 19, 20, 21, 22, 23, 24, 1, 2, 25, 26, 3, 4, 5, Depot, 7}
36: {10, 12, 14, 15, 16, 11, 17, 18, 19, 20, 21, 22, 23, 24, 1, 2, 25, 26, 3, 4, 5, Depot, 7}
37: {12, 14, 15, 16, 11, 17, 18, 19, 20, 21, 22, 23, 24, 1, 2, 25, 26, 3, 4, 5, Depot, 7, 8, 9}
38: {14, 15, 16, 11, 17, 18, 19, 20, 21, 22, 23, 24, 1, 2, 25, 26, 3, 4, 5, Depot, 7, 8, 9, 10}
39: {15, 16, 11, 17, 18, 19, 20, 21, 22, 23, 24, 1, 2, 25, 26, 3, 4, 5, Depot, 7, 8, 9, 10, 12}
40: {16, 11, 17, 18, 19, 20, 21, 22, 23, 24, 1, 2, 25, 26, 3, 4, 5, Depot, 7, 8, 9, 10, 12, 14}
41: {11, 17, 18, 19, 20, 21, 22, 23, 24, 1, 2, 25, 26, 3, 4, 5, Depot, 7, 8, 9, 10, 12, 14, 15}
42: {17, 18, 19, 20, 21, 22, 23, 24, 1, 2, 25, 26, 3, 4, 5, Depot, 7, 8, 9, 10, 12, 14, 15, 16}
43: {18, 19, 20, 21, 22, 23, 24, 1, 2, 25, 26, 3, 4, 5, Depot, 7, 8, 9, 10, 12, 14, 15, 16, 11}
44: {19, 20, 21, 22, 23, 24, 1, 2, 25, 26, 3, 4, 5, Depot, 7, 8, 9, 10, 12, 14, 15, 16, 11, 17}
45: {20, 21, 22, 23, 24, 1, 2, 25, 26, 3, 4, 5, Depot, 7, 8, 9, 10, 12, 14, 15, 16, 11, 17, 18}
46: {21, 22, 23, 24, 1, 2, 25, 26, 3, 4, 5, Depot, 7, 8, 9, 10, 12, 14, 15, 16, 11, 17, 18}
47: {22, 23, 24, 1, 2, 25, 26, 3, 4, 5, Depot, 7, 8, 9, 10, 12, 14, 15, 16, 11, 17, 18, 19, 20}
48: {23, 24, 1, 2, 25, 26, 3, 4, 5, Depot, 7, 8, 9, 10, 12, 14, 15, 16, 11, 17, 18, 19, 20, 21}
49: {24, 1, 2, 25, 26, 3, 4, 5, Depot, 7, 8, 9, 10, 12, 14, 15, 16, 11, 17, 18, 19, 20, 21, 22}
50: {1, 2, 25, 26, 3, 4, 5, Depot, 7, 8, 9, 10, 12, 14, 15, 16, 11, 17, 18, 19, 20, 21, 22, 23}
51: {2, 25, 26, 3, 4, 5, Depot, 7, 8, 9, 10, 12, 14, 15, 16, 11, 17, 18, 19, 20, 21, 22, 23}
52: {25, 26, 3, 4, 5, Depot, 7, 8, 9, 10, 12, 14, 15, 16, 11, 17, 18, 19, 20, 21, 22, 23, 1}
53: {26, 3, 4, 5, Depot, 7, 8, 9, 10, 12, 14, 15, 16, 11, 17, 18, 19, 20, 21, 22, 23, 1, 24}
54: {3, 4, 5, Depot, 7, 8, 9, 10, 12, 14, 15, 16, 11, 17, 18, 19, 20, 21, 22, 23, 1, 24}
55: {4, 5, Depot, 7, 8, 9, 10, 12, 14, 15, 16, 11, 17, 18, 19, 20, 21, 22, 23, 1, 24, 2, 26}
56: {5, Depot, 7, 8, 9, 10, 12, 14, 15, 16, 11, 17, 18, 19, 20, 21, 22, 23, 1, 24, 2, 26, 3}
57: {Depot, 7, 8, 9, 10, 12, 14, 15, 16, 11, 17, 18, 19, 20, 21, 22, 23, 1, 24, 2, 26, 3, 4}
58: {7, 8, 9, 10, 12, 14, 15, 16, 11, 17, 18, 19, 20, 21, 22, 23, 1, 24, 2, 26, 3, 4, 5}
59: {8, 9, 10, 12, 14, 15, 16, 11, 17, 18, 19, 20, 21, 22, 23, 1, 24, 2, 26, 3, 4, 5, Depot}
60: {9, 10, 12, 14, 15, 16, 11, 17, 18, 19, 20, 21, 22, 23, 1, 24, 2, 26, 3, 4, 5, Depot, 7}
61: {10, 12, 14, 15, 16, 11, 17, 18, 19, 20, 21, 22, 23, 1, 24, 2, 26, 3, 4, 5, Depot, 7}
62: {12, 14, 15, 16, 11, 17, 18, 19, 20, 21, 22, 23, 1, 24, 2, 26, 3, 4, 5, Depot, 7}
63: {14, 15, 16, 11, 17, 18, 19, 20, 21, 22, 23, 1, 24, 2, 26, 3, 4, 5, Depot, 7, 10}
64: {15, 16, 11, 17, 18, 19, 20, 21, 22, 23, 1, 24, 2, 26, 3, 4, 5, Depot, 7, 10, 9, 12}
65: {16, 11, 17, 18, 19, 20, 21, 22, 23, 1, 24, 2, 26, 3, 4, 5, Depot, 7, 10, 9, 12, 14}
66: {11, 17, 18, 19, 20, 21, 22, 23, 1, 24, 2, 26, 3, 4, 5, Depot, 7, 10, 9, 12, 14, 15}
67: {17, 18, 19, 20, 21, 22, 23, 1, 24, 2, 26, 3, 4, 5, Depot, 7, 10, 9, 12, 14, 15, 16}
68: {18, 19, 20, 21, 22, 23, 1, 24, 2, 26, 3, 4, 5, Depot, 7, 10, 9, 12, 14, 15, 16, 11}
69: {19, 20, 21, 22, 23, 1, 24, 2, 26, 3, 4, 5, Depot, 7, 10, 9, 12, 14, 15, 16, 11, 17}
70: {20, 21, 22, 23, 1, 24, 2, 26, 3, 4, 5, Depot, 7, 10, 9, 12, 14, 15, 16, 11, 17, 18}
71: {21, 22, 23, 1, 24, 2, 26, 3, 4, 5, Depot, 7, 10, 9, 12, 14, 15, 16, 11, 17, 18}
72: {22, 23, 1, 24, 2, 26, 3, 4, 5, Depot, 7, 10, 9, 12, 14, 15, 16, 11, 17, 18, 8, 19, 20}
73: {23, 1, 24, 2, 26, 3, 4, 5, Depot, 7, 10, 9, 12, 14, 15, 16, 11, 17, 18, 8, 19, 20, 21}
74: {1, 24, 2, 26, 3, 4, 5, Depot, 7, 10, 9, 12, 14, 15, 16, 11, 17, 18, 8, 19, 20, 21, 22}
75: {24, 2, 26, 3, 4, 5, Depot, 7, 10, 9, 12, 14, 15, 16, 11, 17, 18, 8, 19, 20, 21, 22, 23}
76: {2, 26, 3, 4, 5, Depot, 7, 10, 9, 12, 14, 15, 16, 11, 17, 18, 8, 19, 20, 21, 22, 23}
77: {26, 3, 4, 5, Depot, 7, 10, 9, 12, 14, 15, 16, 11, 17, 18, 8, 19, 20, 21, 22, 23, 1}
78: {3, 4, 5, Depot, 7, 10, 9, 12, 14, 15, 16, 11, 17, 18, 8, 19, 20, 21, 22, 23, 1}
79: {4, 5, Depot, 7, 10, 9, 12, 14, 15, 16, 11, 17, 18, 8, 19, 20, 21, 22, 23, 1, 2, 24, 26}
80: {5, Depot, 7, 10, 9, 12, 14, 15, 16, 11, 17, 18, 8, 19, 20, 21, 22, 23, 1, 2, 24, 26, 3}
81: {Depot, 7, 10, 9, 12, 14, 15, 16, 11, 17, 18, 8, 19, 20, 21, 22, 23, 1, 2, 24, 26, 3, 4}
82: {7, 10, 9, 12, 14, 15, 16, 11, 17, 18, 8, 19, 20, 21, 22, 23, 1, 2, 24, 26, 3, 4, 5}
83: {10, 9, 12, 14, 15, 16, 11, 17, 18, 8, 19, 20, 21, 22, 23, 1, 2, 24, 26, 3, 4, 5, Depot}
84: {9, 12, 14, 15, 16, 11, 17, 18, 8, 19, 20, 21, 22, 23, 1, 2, 24, 26, 3, 4, 5, Depot, 7}
85: {12, 14, 15, 16, 11, 17, 18, 8, 19, 20, 21, 22, 23, 1, 2, 24, 26, 3, 4, 5, Depot, 7, 10}
86: {14, 15, 16, 11, 17, 18, 8, 19, 20, 21, 22, 23, 1, 2, 24, 26, 3, 4, 5, Depot, 7, 10, 9}
87: {15, 16, 11, 17, 18, 8, 19, 20, 21, 22, 23, 1, 2, 24, 26, 3, 4, 5, Depot, 7, 10, 9, 12}
88: {16, 11, 17, 18, 8, 19, 20, 21, 22, 23, 1, 2, 24, 26, 3, 4, 5, Depot, 7, 10, 9, 12, 14}
89: {11, 17, 18, 8, 19, 20, 21, 22, 23, 1, 2, 24, 26, 3, 4, 5, Depot, 7, 10, 9, 12, 14}
90: {17, 18, 8, 19, 20, 21, 22, 23, 1, 2, 24, 26, 3, 4, 5, Depot, 7, 10, 9, 12, 14, 16}
91: {18, 8, 19, 20, 21, 22, 23, 1, 2, 24, 26, 3, 4, 5, Depot, 7, 10, 9, 12, 14, 16, 15}
92: {8, 19, 20, 21, 22, 23, 1, 2, 24, 26, 3, 4, 5, Depot, 7, 10, 9, 12, 14, 16, 15, 17}
93: {19, 20, 21, 22, 23, 1, 2, 24, 26, 3, 4, 5, Depot, 7, 10, 9, 12, 14, 16, 15, 17}
94: {20, 21, 22, 23, 1, 2, 24, 26, 3, 4, 5, Depot, 7, 10, 9, 12, 14, 16, 15, 17, 18}
95: {21, 22, 23, 1, 2, 24, 26, 3, 4, 5, Depot, 7, 10, 9, 12, 14, 16, 15, 17, 18}
96: {22, 23, 1, 2, 24, 26, 3, 4, 5, Depot, 7, 10, 9, 12, 14, 16, 15, 17, 18, 19, 20}
97: {23, 1, 2, 24, 26, 3, 4, 5, Depot, 7, 10, 9, 12, 14, 16, 15, 17, 18, 19, 20, 21}
98: {1, 2, 24, 26, 3, 4, 5, Depot, 7, 10, 9, 12, 14, 16, 15, 17, 18, 19, 20, 21, 22}
99: {2, 24, 26, 3, 4, 5, Depot, 7, 10, 9, 12, 14, 16, 15, 17, 18, 19, 20, 21, 22, 23}
100: {24, 26, 3, 4, 5, Depot, 7, 10, 9, 12, 14, 16, 15, 17, 18, 19, 20, 21, 22, 23, 1, 11}
101: {26, 3, 4, 5, Depot, 7, 10, 9, 12, 14, 16, 15, 17, 18, 19, 20, 21, 22, 23, 1, 11}
102: {3, 4, 5, Depot, 7, 10, 9, 12, 14, 16, 15, 17, 18, 19, 20, 21, 22, 23, 1, 11}
103: {4, 5, Depot, 7, 10, 9, 12, 14, 16, 15, 17, 18, 19, 20, 21, 22, 23, 1, 11, 2, 24, 26}
104: {5, Depot, 7, 10, 9, 12, 14, 16, 15, 17, 18, 19, 20, 21, 22, 23, 1, 11, 2, 24, 26, 3}
105: {Depot, 7, 10, 9, 12, 14, 16, 15, 17, 18, 19, 20, 21, 22, 23, 1, 11, 2, 24, 26, 3, 4}
106: {7, 10, 9, 12, 14, 16, 15, 17, 18, 19, 20, 21, 22, 23, 1, 11, 2, 24, 26, 3, 4, 5}
107: {10, 9, 12, 14, 16, 15, 17, 18, 19, 20, 21, 22, 23, 1, 11, 2, 24, 26, 3, 4, 5, Depot}
108: {9, 12, 14, 16, 15, 17, 18, 19, 20, 21, 22, 23, 1, 11, 2, 24, 26, 3, 4, 5, Depot, 7}
109: {12, 14, 16, 15, 17, 18, 19, 20, 21, 22, 23, 1, 11, 2, 24, 26, 3, 4, 5, Depot, 7, 10}
110: {14, 16, 15, 17, 18, 19, 20, 21, 22, 23, 1, 11, 2, 24, 26, 3, 4, 5, Depot, 7, 10}
111: {16, 15, 17, 18, 19, 20, 21, 22, 23, 1, 11, 2, 24, 26, 3, 4, 5, Depot, 7, 10, 9, 12}
112: {15, 17, 18, 19, 20, 21, 22, 23, 1, 11, 2, 24, 26, 3, 4, 5, Depot, 7, 10, 9, 12, 14}
113: {17, 18, 19, 20, 21, 22, 23, 1, 11, 2, 24, 26, 3, 4, 5, Depot, 7, 10, 9, 12, 14, 16}
114: {18, 19, 20, 21, 22, 23, 1, 11, 2, 24, 26, 3, 4, 5, Depot, 7, 10, 9, 12, 14, 16}
115: {19, 20, 21, 22, 23, 1, 11, 2, 24, 26, 3, 4, 5, Depot, 7, 10, 9, 12, 14, 16, 17}
116: {20, 21, 22, 23, 1, 11, 2, 24, 26, 3, 4, 5, Depot, 7, 10, 9, 12, 14, 16, 17, 18}
117: {21, 22, 23, 1, 11, 2, 24, 26, 3, 4, 5, Depot, 7, 10, 9, 12, 14, 16, 17, 18}
118: {22, 23, 1, 11, 2, 24, 26, 3, 4, 5, Depot, 7, 10, 9, 12, 14, 16, 17, 18, 19, 20}
119: {23, 1, 11, 2, 24, 26, 3, 4, 5, Depot, 7, 10, 9, 12, 14, 16, 17, 18, 19, 20, 21}
120: {1, 11, 2, 24, 26, 3, 4, 5, Depot, 7, 10, 9, 12, 14, 16, 17, 18, 19, 20, 21, 22}
121: {11, 2, 24, 26, 3, 4, 5, Depot, 7, 10, 9, 12, 14, 16, 17, 18, 19, 20, 21, 22, 23}
122: {2, 24, 26, 3, 4, 5, Depot, 7, 10, 9, 12, 14, 16, 17, 18, 19, 20, 21, 22, 23, 1}
123: {24, 26, 3, 4, 5, Depot, 7, 10, 9, 12, 14, 16, 17, 18, 19, 20, 21, 22, 23, 1}
124: {26, 3, 4, 5, Depot, 7, 10, 9, 12, 14, 16, 17, 18, 19, 20, 21, 22, 23, 1}
125: {3, 4, 5, Depot, 7, 10, 9, 12, 14, 16, 17, 18, 19, 20, 21, 22, 23, 1}
126: {4, 5, Depot, 7, 10, 9, 12, 14, 16, 17, 18, 19, 20, 21, 22, 23, 1, 2, 24, 26}
127: {5, Depot, 7, 10, 9, 12, 14, 16, 17, 18, 19, 20, 21, 22, 23, 1, 2, 24, 26, 3}
128: {Depot, 7, 10, 9, 12, 14, 16, 17, 18, 19, 20, 21, 22, 23, 1, 2, 24, 26, 3, 4}
129: {7, 10, 9, 12, 14, 16, 17, 18, 19, 20, 21, 22, 23, 1, 2, 24, 26, 3, 4, 5}
130: {10, 9, 12, 14, 16, 17, 18, 19, 20, 21, 22, 23, 1, 2, 24, 26, 3, 4, 5, Depot}
131: {9, 12, 14, 16, 17, 18, 19, 20, 21, 22, 23, 1, 2, 24, 26, 3, 4, 5, Depot, 7}
132: {12, 14, 16, 17, 18, 19, 20, 21, 22, 23, 1, 2, 24, 26, 3, 4, 5, Depot, 7, 10}
133: {14, 16, 17, 18, 19, 20, 21, 22, 23, 1, 2, 24, 26, 3, 4, 5, Depot, 7, 10}
134: {16, 17, 18, 19, 20, 21, 22, 23, 1, 2, 24, 26, 3, 4, 5, Depot, 7, 10, 12}
135: {17, 18, 19, 20, 21, 22, 23, 1, 2, 24, 26, 3, 4, 5, Depot, 7, 10, 12, 14}
136: {18, 19, 20, 21, 22, 23, 1, 2, 24, 26, 3, 4, 5, Depot, 7, 10, 12, 14, 16}
137: {19, 20, 21, 22, 23, 1, 2, 24, 26, 3, 4, 5, Depot, 7, 10, 12, 14, 16, 17}
138: {20, 21, 22, 23, 1, 2, 24, 26, 3, 4, 5, Depot, 7, 10, 12, 14, 16, 17, 18}
139: {21, 22, 23, 1, 2, 24, 26, 3, 4, 5, Depot, 7, 10, 12, 14, 16, 17, 18}
140: {22, 23, 1, 2, 24, 26, 3, 4, 5, Depot, 7, 10, 12, 14, 16, 17, 18, 19, 20}
141: {23, 1, 2, 24, 26, 3, 4, 5, Depot, 7, 10, 12, 14, 16, 17, 18, 19, 20, 21}
142: {1, 2, 24, 26, 3, 4, 5, Depot, 7, 10, 12, 14, 16, 17, 18, 19, 20, 21, 22}
143: {2, 24, 26, 3, 4, 5, Depot, 7, 10, 12, 14, 16, 17, 18, 19, 20, 21, 22}
144: {24, 26, 3, 4, 5, Depot, 7, 10, 12, 14, 16, 17, 18, 19, 20, 21, 22, 1}
145: {26, 3, 4, 5, Depot, 7, 10, 12, 14, 16, 17, 18, 19, 20, 21, 22, 1}
146: {3, 4, 5, Depot, 7, 10, 12, 14, 16, 17, 18, 19, 20, 21, 22, 1}
147: {4, 5, Depot, 7, 10, 12, 14, 16, 17, 18, 19, 20, 21, 22, 1, 2, 24, 26}
148: {5, Depot, 7, 10, 12, 14, 16, 17, 18, 19, 20, 21, 22, 1, 2, 24, 26, 3}
149: {Depot, 7, 10, 12, 14, 16, 17, 18, 19, 20, 21, 22, 1, 2, 24, 26, 3}
150: {7, 10, 12, 14, 16, 17, 18, 19, 20, 21, 22, 1, 2, 24, 26, 3, 4, 5}
151: {10, 12, 14, 16, 17, 18, 19, 20, 21, 22, 1, 2, 24, 26, 3, 4, 5, Depot}
152: {12, 14, 16, 17, 18, 19, 20, 21, 22, 1, 2, 24, 26, 3, 4, 5, Depot, 7}
153: {14, 16, 17, 18, 19, 20, 21, 22, 1, 2, 24, 26, 3, 4, 5, Depot, 7, 10}
154: {16, 17, 18, 19, 20, 21, 22, 1, 2, 24, 26, 3, 4, 5, Depot, 7, 10, 12}
155: {17, 18, 19, 20, 21, 22, 1, 2, 24, 26, 3, 4, 5, Depot, 7, 10, 12, 14}
156: {18, 19, 20, 21, 22, 1, 2, 24, 26, 3, 4, 5, Depot, 7, 10, 12, 14, 16}
157: {19, 20, 21, 22, 1, 2, 24, 26, 3, 4, 5, Depot, 7, 10, 12, 14, 16, 17}
158: {20, 21, 22, 1, 2, 24, 26, 3, 4, 5, Depot, 7, 10, 12, 14, 16, 17, 18}
159: {21, 22, 1, 2, 24, 26, 3, 4, 5, Depot, 7, 10, 12, 14, 16, 17, 18}
160: {22, 1, 2, 24, 26, 3, 4, 5, Depot, 7, 10, 12, 14, 16, 17, 18, 19, 20}
161: {1, 2, 24, 26, 3, 4, 5, Depot, 7, 10, 12, 14, 16, 17, 18, 19, 20, 21}
162: {2, 24, 26, 3, 4, 5, Depot, 7, 10, 12, 14, 16, 17, 18, 19, 20, 21}
163: {24, 26, 3, 4, 5, Depot, 7, 10, 12, 14, 16, 17, 18, 19, 20, 21, 1, 22}
164: {26, 3, 4, 5, Depot, 7, 10, 12, 14, 16, 17, 18, 19, 20, 21, 1, 22}
165: {3, 4, 5, Depot, 7, 10, 12, 14, 16, 17, 18, 19, 20, 21, 1, 22}
166: {4, 5, Depot, 7, 10, 12, 14, 16, 17, 18, 19, 20, 21, 1, 22, 2, 24, 26}
167: {5, Depot, 7, 10, 12, 14, 16, 17, 18, 19, 20, 21, 1, 22, 2, 24, 26, 3}
168: {Depot, 7, 10, 12, 14, 16, 17, 18, 19, 20, 21, 1, 22, 2, 24, 26, 3}
169: {7, 10, 12, 14, 16, 17, 18, 19, 20, 21, 1, 22, 2, 24, 26, 3}
170: {10, 12, 14, 16, 17, 18, 19, 20, 21, 1, 22, 2, 24, 26, 3, 5, Depot}
171: {12, 14, 16, 17, 18, 19, 20, 21, 1, 22, 2, 24, 26, 3, 5, Depot, 7}
172: {14, 16, 17, 18, 19, 20, 21, 1, 22, 2, 24, 26, 3, 5, Depot, 7}
173: {16, 17, 18, 19, 20, 21, 1, 22, 2, 24, 26, 3, 5, Depot, 7, 12}
174: {17, 18, 19, 20, 21, 1, 22, 2, 24, 26, 3, 5, Depot, 7, 12}
175: {18, 19, 20, 21, 1, 22, 2, 24, 26, 3, 5, Depot, 7, 12, 14}
176: {19, 20, 21, 1, 22, 2, 24, 26, 3, 5, Depot, 7, 12, 14, 17}
177: {20, 21, 1, 22, 2, 24, 26, 3, 5, Depot, 7, 12, 14, 17, 18}
178: {21, 1, 22, 2, 24, 26, 3, 5, Depot, 7, 12, 14, 17, 18}
179: {1, 22, 2, 24, 26, 3, 5, Depot, 7, 12, 14, 17, 18, 20}
180: {22, 2, 24, 26, 3, 5, Depot, 7, 12, 14, 17, 18, 20, 10, 16, 19, 21}
181: {2, 24, 26, 3, 5, Depot, 7, 12, 14, 17, 18, 20, 10, 16, 19, 21}
182: {24, 26, 3, 5, Depot, 7, 12, 14, 17, 18, 20, 10, 16, 19, 21, 1}
183: {26, 3, 5, Depot, 7, 12, 14, 17, 18, 20, 10, 16, 19, 21, 1, 22}
184: {3, 5, Depot, 7, 12, 14, 17, 18, 20, 10, 16, 19, 21, 1, 22}
185: {5, Depot, 7, 12, 14, 17, 18, 20, 10, 16, 19, 21, 1, 22, 2, 24}
186: {Depot, 7, 12, 14, 17, 18, 20, 10, 16, 19, 21, 1, 22, 2, 24, 3}
187: {7, 12, 14, 17, 18, 20, 10, 16, 19, 21, 1, 22, 2, 24, 3}
188: {12, 14, 17, 18, 20, 10, 16, 19, 21, 1, 22, 2, 24, 3}
189: {14, 17, 18, 20, 10, 16, 19, 21, 1, 22, 2, 24, 3}
190: {17, 18, 20, 10, 16, 19, 21, 1, 22, 2, 24, 3}
191: {18, 20, 10, 16, 19, 21, 1, 22, 2, 24, 3}
192: {20, 10, 16, 19, 21, 1, 22, 2, 24, 3}
193: {10, 16, 19, 21, 1, 22, 2, 24, 3}
194: {16, 19, 21, 1, 22, 2, 24, 3}
195: {19, 21, 1, 22, 2, 24, 3}
196: {21, 1, 22, 2, 24, 3}
197: {1, 22, 2, 24, 3}
198: {22, 2, 24, 3}
199: {2, 24, 3}
200: {24, 3}
201: {3}
END: Generating feasible routes
Generated 114 routes
Algorithm has finished in 1442468 milliseconds

0.0
0, 5, 7, 10, 8, 6, 11, 1, 4, 3, 2, 22, 24, Depot
-128.3753031162501
--------------------------------------

>>> Solving instance C103.txt
Solving the instance for 27 nodes

START: Generating feasible routes
0: {0}
1: {1, 2, 3, 4, 5, Depot, 7, 8, 9, 10, 11, 12, 13, 14, 15, 16, 17, 18, 19, 20, 21, 22, 23, 24, 25}
2: {2, 3, 4, 5, Depot, 7, 8, 9, 10, 11, 12, 13, 14, 15, 16, 17, 18, 19, 20, 21, 22, 23, 24, 25, 26}
3: {3, 4, 5, Depot, 7, 8, 9, 10, 11, 12, 13, 14, 15, 16, 17, 18, 19, 20, 21, 22, 23, 24, 25, 26, 1}
4: {4, 5, Depot, 7, 8, 9, 10, 11, 12, 13, 14, 15, 16, 17, 18, 19, 20, 21, 22, 23, 24, 25, 26, 1, 2}
5: {5, Depot, 7, 8, 9, 10, 11, 12, 13, 14, 15, 16, 17, 18, 19, 20, 21, 22, 23, 24, 25, 26, 1, 2, 3}
6: {Depot, 7, 8, 9, 10, 11, 12, 13, 14, 15, 16, 17, 18, 19, 20, 21, 22, 23, 24, 25, 26, 1, 2, 3, 4}
7: {7, 8, 9, 10, 11, 12, 13, 14, 15, 16, 17, 18, 19, 20, 21, 22, 23, 24, 25, 26, 1, 2, 3, 4, 5}
8: {8, 9, 10, 11, 12, 13, 14, 15, 16, 17, 18, 19, 20, 21, 22, 23, 24, 25, 26, 1, 2, 3, 4, 5, Depot}
9: {9, 10, 11, 12, 13, 14, 15, 16, 17, 18, 19, 20, 21, 22, 23, 24, 25, 26, 1, 2, 3, 4, 5, Depot, 7}
10: {10, 11, 12, 13, 14, 15, 16, 17, 18, 19, 20, 21, 22, 23, 24, 25, 26, 1, 2, 3, 4, 5, Depot, 7}
11: {11, 12, 13, 14, 15, 16, 17, 18, 19, 20, 21, 22, 23, 24, 25, 26, 1, 2, 3, 4, 5, Depot, 7}
12: {12, 13, 14, 15, 16, 17, 18, 19, 20, 21, 22, 23, 24, 25, 26, 1, 2, 3, 4, 5, Depot, 7, 9}
13: {13, 14, 15, 16, 17, 18, 19, 20, 21, 22, 23, 24, 25, 26, 1, 2, 3, 4, 5, Depot, 7, 9}
14: {14, 15, 16, 17, 18, 19, 20, 21, 22, 23, 24, 25, 26, 1, 2, 3, 4, 5, Depot, 7, 9, 12}
15: {15, 16, 17, 18, 19, 20, 21, 22, 23, 24, 25, 26, 1, 2, 3, 4, 5, Depot, 7, 9, 12}
16: {16, 17, 18, 19, 20, 21, 22, 23, 24, 25, 26, 1, 2, 3, 4, 5, Depot, 7, 9, 12, 14}
17: {17, 18, 19, 20, 21, 22, 23, 24, 25, 26, 1, 2, 3, 4, 5, Depot, 7, 9, 12, 14, 15}
18: {18, 19, 20, 21, 22, 23, 24, 25, 26, 1, 2, 3, 4, 5, Depot, 7, 9, 12, 14, 15}
19: {19, 20, 21, 22, 23, 24, 25, 26, 1, 2, 3, 4, 5, Depot, 7, 9, 12, 14, 15, 11, 16, 17}
20: {20, 21, 22, 23, 24, 25, 26, 1, 2, 3, 4, 5, Depot, 7, 9, 12, 14, 15, 11, 16, 17, 18}
21: {21, 22, 23, 24, 25, 26, 1, 2, 3, 4, 5, Depot, 7, 9, 12, 14, 15, 11, 16, 17, 18, 10}
22: {22, 23, 24, 25, 26, 1, 2, 3, 4, 5, Depot, 7, 9, 12, 14, 15, 11, 16, 17, 18, 10, 8, 19, 20}
23: {23, 24, 25, 26, 1, 2, 3, 4, 5, Depot, 7, 9, 12, 14, 15, 11, 16, 17, 18, 10, 8, 19, 20, 21}
24: {24, 25, 26, 1, 2, 3, 4, 5, Depot, 7, 9, 12, 14, 15, 11, 16, 17, 18, 10, 8, 19, 20, 21, 22}
25: {25, 26, 1, 2, 3, 4, 5, Depot, 7, 9, 12, 14, 15, 11, 16, 17, 18, 10, 8, 19, 20, 21, 22, 23}
26: {26, 1, 2, 3, 4, 5, Depot, 7, 9, 12, 14, 15, 11, 16, 17, 18, 10, 8, 19, 20, 21, 22, 23, 24}
27: {1, 2, 3, 4, 5, Depot, 7, 9, 12, 14, 15, 11, 16, 17, 18, 10, 8, 19, 20, 21, 22, 23, 24}
28: {2, 3, 4, 5, Depot, 7, 9, 12, 14, 15, 11, 16, 17, 18, 10, 8, 19, 20, 21, 22, 23, 24}
29: {3, 4, 5, Depot, 7, 9, 12, 14, 15, 11, 16, 17, 18, 10, 8, 19, 20, 21, 22, 23, 24, 1}
30: {4, 5, Depot, 7, 9, 12, 14, 15, 11, 16, 17, 18, 10, 8, 19, 20, 21, 22, 23, 24, 1, 2, 25, 26}
31: {5, Depot, 7, 9, 12, 14, 15, 11, 16, 17, 18, 10, 8, 19, 20, 21, 22, 23, 24, 1, 2, 25, 26, 3}
32: {Depot, 7, 9, 12, 14, 15, 11, 16, 17, 18, 10, 8, 19, 20, 21, 22, 23, 24, 1, 2, 25, 26, 3}
33: {7, 9, 12, 14, 15, 11, 16, 17, 18, 10, 8, 19, 20, 21, 22, 23, 24, 1, 2, 25, 26, 3, 4, 5}
34: {9, 12, 14, 15, 11, 16, 17, 18, 10, 8, 19, 20, 21, 22, 23, 24, 1, 2, 25, 26, 3, 4, 5, Depot}
35: {12, 14, 15, 11, 16, 17, 18, 10, 8, 19, 20, 21, 22, 23, 24, 1, 2, 25, 26, 3, 4, 5, Depot, 7}
36: {14, 15, 11, 16, 17, 18, 10, 8, 19, 20, 21, 22, 23, 24, 1, 2, 25, 26, 3, 4, 5, Depot, 7}
37: {15, 11, 16, 17, 18, 10, 8, 19, 20, 21, 22, 23, 24, 1, 2, 25, 26, 3, 4, 5, Depot, 7, 9, 12}
38: {11, 16, 17, 18, 10, 8, 19, 20, 21, 22, 23, 24, 1, 2, 25, 26, 3, 4, 5, Depot, 7, 9, 12, 14}
39: {16, 17, 18, 10, 8, 19, 20, 21, 22, 23, 24, 1, 2, 25, 26, 3, 4, 5, Depot, 7, 9, 12, 14}
40: {17, 18, 10, 8, 19, 20, 21, 22, 23, 24, 1, 2, 25, 26, 3, 4, 5, Depot, 7, 9, 12, 14, 15}
41: {18, 10, 8, 19, 20, 21, 22, 23, 24, 1, 2, 25, 26, 3, 4, 5, Depot, 7, 9, 12, 14, 15, 16}
42: {10, 8, 19, 20, 21, 22, 23, 24, 1, 2, 25, 26, 3, 4, 5, Depot, 7, 9, 12, 14, 15, 16, 11}
43: {8, 19, 20, 21, 22, 23, 24, 1, 2, 25, 26, 3, 4, 5, Depot, 7, 9, 12, 14, 15, 16, 11, 18}
44: {19, 20, 21, 22, 23, 24, 1, 2, 25, 26, 3, 4, 5, Depot, 7, 9, 12, 14, 15, 16, 11, 18, 10}
45: {20, 21, 22, 23, 24, 1, 2, 25, 26, 3, 4, 5, Depot, 7, 9, 12, 14, 15, 16, 11, 18, 10}
46: {21, 22, 23, 24, 1, 2, 25, 26, 3, 4, 5, Depot, 7, 9, 12, 14, 15, 16, 11, 18, 10}
47: {22, 23, 24, 1, 2, 25, 26, 3, 4, 5, Depot, 7, 9, 12, 14, 15, 16, 11, 18, 10, 19, 20}
48: {23, 24, 1, 2, 25, 26, 3, 4, 5, Depot, 7, 9, 12, 14, 15, 16, 11, 18, 10, 19, 20, 21}
49: {24, 1, 2, 25, 26, 3, 4, 5, Depot, 7, 9, 12, 14, 15, 16, 11, 18, 10, 19, 20, 21, 22}
50: {1, 2, 25, 26, 3, 4, 5, Depot, 7, 9, 12, 14, 15, 16, 11, 18, 10, 19, 20, 21, 22, 23}
51: {2, 25, 26, 3, 4, 5, Depot, 7, 9, 12, 14, 15, 16, 11, 18, 10, 19, 20, 21, 22, 23, 8}
52: {25, 26, 3, 4, 5, Depot, 7, 9, 12, 14, 15, 16, 11, 18, 10, 19, 20, 21, 22, 23, 8, 1}
53: {26, 3, 4, 5, Depot, 7, 9, 12, 14, 15, 16, 11, 18, 10, 19, 20, 21, 22, 23, 8, 1, 24}
54: {3, 4, 5, Depot, 7, 9, 12, 14, 15, 16, 11, 18, 10, 19, 20, 21, 22, 23, 8, 1, 24}
55: {4, 5, Depot, 7, 9, 12, 14, 15, 16, 11, 18, 10, 19, 20, 21, 22, 23, 8, 1, 24, 2, 26}
56: {5, Depot, 7, 9, 12, 14, 15, 16, 11, 18, 10, 19, 20, 21, 22, 23, 8, 1, 24, 2, 26, 3}
57: {Depot, 7, 9, 12, 14, 15, 16, 11, 18, 10, 19, 20, 21, 22, 23, 8, 1, 24, 2, 26, 3}
58: {7, 9, 12, 14, 15, 16, 11, 18, 10, 19, 20, 21, 22, 23, 8, 1, 24, 2, 26, 3, 4, 5}
59: {9, 12, 14, 15, 16, 11, 18, 10, 19, 20, 21, 22, 23, 8, 1, 24, 2, 26, 3, 4, 5, Depot}
60: {12, 14, 15, 16, 11, 18, 10, 19, 20, 21, 22, 23, 8, 1, 24, 2, 26, 3, 4, 5, Depot, 7}
61: {14, 15, 16, 11, 18, 10, 19, 20, 21, 22, 23, 8, 1, 24, 2, 26, 3, 4, 5, Depot, 7}
62: {15, 16, 11, 18, 10, 19, 20, 21, 22, 23, 8, 1, 24, 2, 26, 3, 4, 5, Depot, 7, 9, 12}
63: {16, 11, 18, 10, 19, 20, 21, 22, 23, 8, 1, 24, 2, 26, 3, 4, 5, Depot, 7, 9, 12, 14}
64: {11, 18, 10, 19, 20, 21, 22, 23, 8, 1, 24, 2, 26, 3, 4, 5, Depot, 7, 9, 12, 14, 15}
65: {18, 10, 19, 20, 21, 22, 23, 8, 1, 24, 2, 26, 3, 4, 5, Depot, 7, 9, 12, 14, 15, 16}
66: {10, 19, 20, 21, 22, 23, 8, 1, 24, 2, 26, 3, 4, 5, Depot, 7, 9, 12, 14, 15, 16, 11}
67: {19, 20, 21, 22, 23, 8, 1, 24, 2, 26, 3, 4, 5, Depot, 7, 9, 12, 14, 15, 16, 11, 18}
68: {20, 21, 22, 23, 8, 1, 24, 2, 26, 3, 4, 5, Depot, 7, 9, 12, 14, 15, 16, 11, 18}
69: {21, 22, 23, 8, 1, 24, 2, 26, 3, 4, 5, Depot, 7, 9, 12, 14, 15, 16, 11, 18}
70: {22, 23, 8, 1, 24, 2, 26, 3, 4, 5, Depot, 7, 9, 12, 14, 15, 16, 11, 18, 19, 20}
71: {23, 8, 1, 24, 2, 26, 3, 4, 5, Depot, 7, 9, 12, 14, 15, 16, 11, 18, 19, 20, 21}
72: {8, 1, 24, 2, 26, 3, 4, 5, Depot, 7, 9, 12, 14, 15, 16, 11, 18, 19, 20, 21, 22}
73: {1, 24, 2, 26, 3, 4, 5, Depot, 7, 9, 12, 14, 15, 16, 11, 18, 19, 20, 21, 22, 10}
74: {24, 2, 26, 3, 4, 5, Depot, 7, 9, 12, 14, 15, 16, 11, 18, 19, 20, 21, 22, 10, 23}
75: {2, 26, 3, 4, 5, Depot, 7, 9, 12, 14, 15, 16, 11, 18, 19, 20, 21, 22, 10, 23}
76: {26, 3, 4, 5, Depot, 7, 9, 12, 14, 15, 16, 11, 18, 19, 20, 21, 22, 10, 23, 1}
77: {3, 4, 5, Depot, 7, 9, 12, 14, 15, 16, 11, 18, 19, 20, 21, 22, 10, 23, 1}
78: {4, 5, Depot, 7, 9, 12, 14, 15, 16, 11, 18, 19, 20, 21, 22, 10, 23, 1, 2, 24, 26}
79: {5, Depot, 7, 9, 12, 14, 15, 16, 11, 18, 19, 20, 21, 22, 10, 23, 1, 2, 24, 26, 3}
80: {Depot, 7, 9, 12, 14, 15, 16, 11, 18, 19, 20, 21, 22, 10, 23, 1, 2, 24, 26, 3}
81: {7, 9, 12, 14, 15, 16, 11, 18, 19, 20, 21, 22, 10, 23, 1, 2, 24, 26, 3, 4, 5}
82: {9, 12, 14, 15, 16, 11, 18, 19, 20, 21, 22, 10, 23, 1, 2, 24, 26, 3, 4, 5, Depot}
83: {12, 14, 15, 16, 11, 18, 19, 20, 21, 22, 10, 23, 1, 2, 24, 26, 3, 4, 5, Depot, 7}
84: {14, 15, 16, 11, 18, 19, 20, 21, 22, 10, 23, 1, 2, 24, 26, 3, 4, 5, Depot, 7, 9}
85: {15, 16, 11, 18, 19, 20, 21, 22, 10, 23, 1, 2, 24, 26, 3, 4, 5, Depot, 7, 9, 12}
86: {16, 11, 18, 19, 20, 21, 22, 10, 23, 1, 2, 24, 26, 3, 4, 5, Depot, 7, 9, 12, 14}
87: {11, 18, 19, 20, 21, 22, 10, 23, 1, 2, 24, 26, 3, 4, 5, Depot, 7, 9, 12, 14}
88: {18, 19, 20, 21, 22, 10, 23, 1, 2, 24, 26, 3, 4, 5, Depot, 7, 9, 12, 14, 16}
89: {19, 20, 21, 22, 10, 23, 1, 2, 24, 26, 3, 4, 5, Depot, 7, 9, 12, 14, 16}
90: {20, 21, 22, 10, 23, 1, 2, 24, 26, 3, 4, 5, Depot, 7, 9, 12, 14, 16, 18}
91: {21, 22, 10, 23, 1, 2, 24, 26, 3, 4, 5, Depot, 7, 9, 12, 14, 16, 18}
92: {22, 10, 23, 1, 2, 24, 26, 3, 4, 5, Depot, 7, 9, 12, 14, 16, 18, 19, 20}
93: {10, 23, 1, 2, 24, 26, 3, 4, 5, Depot, 7, 9, 12, 14, 16, 18, 19, 20, 21}
94: {23, 1, 2, 24, 26, 3, 4, 5, Depot, 7, 9, 12, 14, 16, 18, 19, 20, 21, 11}
95: {1, 2, 24, 26, 3, 4, 5, Depot, 7, 9, 12, 14, 16, 18, 19, 20, 21, 11, 22}
96: {2, 24, 26, 3, 4, 5, Depot, 7, 9, 12, 14, 16, 18, 19, 20, 21, 11, 22, 23}
97: {24, 26, 3, 4, 5, Depot, 7, 9, 12, 14, 16, 18, 19, 20, 21, 11, 22, 23, 1}
98: {26, 3, 4, 5, Depot, 7, 9, 12, 14, 16, 18, 19, 20, 21, 11, 22, 23, 1}
99: {3, 4, 5, Depot, 7, 9, 12, 14, 16, 18, 19, 20, 21, 11, 22, 23, 1}
100: {4, 5, Depot, 7, 9, 12, 14, 16, 18, 19, 20, 21, 11, 22, 23, 1, 2, 24, 26}
101: {5, Depot, 7, 9, 12, 14, 16, 18, 19, 20, 21, 11, 22, 23, 1, 2, 24, 26, 3}
102: {Depot, 7, 9, 12, 14, 16, 18, 19, 20, 21, 11, 22, 23, 1, 2, 24, 26, 3}
103: {7, 9, 12, 14, 16, 18, 19, 20, 21, 11, 22, 23, 1, 2, 24, 26, 3, 4, 5}
104: {9, 12, 14, 16, 18, 19, 20, 21, 11, 22, 23, 1, 2, 24, 26, 3, 4, 5}
105: {12, 14, 16, 18, 19, 20, 21, 11, 22, 23, 1, 2, 24, 26, 3, 4, 5, Depot}
106: {14, 16, 18, 19, 20, 21, 11, 22, 23, 1, 2, 24, 26, 3, 4, 5, Depot}
107: {16, 18, 19, 20, 21, 11, 22, 23, 1, 2, 24, 26, 3, 4, 5, Depot, 12}
108: {18, 19, 20, 21, 11, 22, 23, 1, 2, 24, 26, 3, 4, 5, Depot, 12, 14}
109: {19, 20, 21, 11, 22, 23, 1, 2, 24, 26, 3, 4, 5, Depot, 12, 14, 16}
110: {20, 21, 11, 22, 23, 1, 2, 24, 26, 3, 4, 5, Depot, 12, 14, 16, 18}
111: {21, 11, 22, 23, 1, 2, 24, 26, 3, 4, 5, Depot, 12, 14, 16, 18}
112: {11, 22, 23, 1, 2, 24, 26, 3, 4, 5, Depot, 12, 14, 16, 18, 19, 20}
113: {22, 23, 1, 2, 24, 26, 3, 4, 5, Depot, 12, 14, 16, 18, 19, 20, 7, 9}
114: {23, 1, 2, 24, 26, 3, 4, 5, Depot, 12, 14, 16, 18, 19, 20, 7, 9, 21}
115: {1, 2, 24, 26, 3, 4, 5, Depot, 12, 14, 16, 18, 19, 20, 7, 9, 21, 22}
116: {2, 24, 26, 3, 4, 5, Depot, 12, 14, 16, 18, 19, 20, 7, 9, 21, 22}
117: {24, 26, 3, 4, 5, Depot, 12, 14, 16, 18, 19, 20, 7, 9, 21, 22, 1}
118: {26, 3, 4, 5, Depot, 12, 14, 16, 18, 19, 20, 7, 9, 21, 22, 1, 23}
119: {3, 4, 5, Depot, 12, 14, 16, 18, 19, 20, 7, 9, 21, 22, 1, 23}
120: {4, 5, Depot, 12, 14, 16, 18, 19, 20, 7, 9, 21, 22, 1, 23, 2, 24, 26}
121: {5, Depot, 12, 14, 16, 18, 19, 20, 7, 9, 21, 22, 1, 23, 2, 24, 26, 3}
122: {Depot, 12, 14, 16, 18, 19, 20, 7, 9, 21, 22, 1, 23, 2, 24, 26, 3}
123: {12, 14, 16, 18, 19, 20, 7, 9, 21, 22, 1, 23, 2, 24, 26, 3, 4, 5}
124: {14, 16, 18, 19, 20, 7, 9, 21, 22, 1, 23, 2, 24, 26, 3, 4, 5}
125: {16, 18, 19, 20, 7, 9, 21, 22, 1, 23, 2, 24, 26, 3, 4, 5, 12}
126: {18, 19, 20, 7, 9, 21, 22, 1, 23, 2, 24, 26, 3, 4, 5, 12, 14}
127: {19, 20, 7, 9, 21, 22, 1, 23, 2, 24, 26, 3, 4, 5, 12, 14, 16}
128: {20, 7, 9, 21, 22, 1, 23, 2, 24, 26, 3, 4, 5, 12, 14, 16, 18}
129: {7, 9, 21, 22, 1, 23, 2, 24, 26, 3, 4, 5, 12, 14, 16, 18}
130: {9, 21, 22, 1, 23, 2, 24, 26, 3, 4, 5, 12, 14, 16, 18, 19, 20}
131: {21, 22, 1, 23, 2, 24, 26, 3, 4, 5, 12, 14, 16, 18, 19, 20, Depot}
132: {22, 1, 23, 2, 24, 26, 3, 4, 5, 12, 14, 16, 18, 19, 20, Depot}
133: {1, 23, 2, 24, 26, 3, 4, 5, 12, 14, 16, 18, 19, 20, Depot, 21}
134: {23, 2, 24, 26, 3, 4, 5, 12, 14, 16, 18, 19, 20, Depot, 21, 7}
135: {2, 24, 26, 3, 4, 5, 12, 14, 16, 18, 19, 20, Depot, 21, 7, 22}
136: {24, 26, 3, 4, 5, 12, 14, 16, 18, 19, 20, Depot, 21, 7, 22, 1}
137: {26, 3, 4, 5, 12, 14, 16, 18, 19, 20, Depot, 21, 7, 22, 1}
138: {3, 4, 5, 12, 14, 16, 18, 19, 20, Depot, 21, 7, 22, 1}
139: {4, 5, 12, 14, 16, 18, 19, 20, Depot, 21, 7, 22, 1, 2, 24, 26}
140: {5, 12, 14, 16, 18, 19, 20, Depot, 21, 7, 22, 1, 2, 24, 26, 3}
141: {12, 14, 16, 18, 19, 20, Depot, 21, 7, 22, 1, 2, 24, 26, 3}
142: {14, 16, 18, 19, 20, Depot, 21, 7, 22, 1, 2, 24, 26, 3}
143: {16, 18, 19, 20, Depot, 21, 7, 22, 1, 2, 24, 26, 3, 12}
144: {18, 19, 20, Depot, 21, 7, 22, 1, 2, 24, 26, 3, 12}
145: {19, 20, Depot, 21, 7, 22, 1, 2, 24, 26, 3, 12, 16}
146: {20, Depot, 21, 7, 22, 1, 2, 24, 26, 3, 12, 16, 14, 18}
147: {Depot, 21, 7, 22, 1, 2, 24, 26, 3, 12, 16, 14, 18}
148: {21, 7, 22, 1, 2, 24, 26, 3, 12, 16, 14, 18, 4, 5, 19, 20}
149: {7, 22, 1, 2, 24, 26, 3, 12, 16, 14, 18, 4, 5, 19, 20}
150: {22, 1, 2, 24, 26, 3, 12, 16, 14, 18, 4, 5, 19, 20}
151: {1, 2, 24, 26, 3, 12, 16, 14, 18, 4, 5, 19, 20, 21}
152: {2, 24, 26, 3, 12, 16, 14, 18, 4, 5, 19, 20, 21, 7}
153: {24, 26, 3, 12, 16, 14, 18, 4, 5, 19, 20, 21, 7, 1}
154: {26, 3, 12, 16, 14, 18, 4, 5, 19, 20, 21, 7, 1}
155: {3, 12, 16, 14, 18, 4, 5, 19, 20, 21, 7, 1}
156: {12, 16, 14, 18, 4, 5, 19, 20, 21, 7, 1, 2, 26}
157: {16, 14, 18, 4, 5, 19, 20, 21, 7, 1, 2, 26}
158: {14, 18, 4, 5, 19, 20, 21, 7, 1, 2, 26}
159: {18, 4, 5, 19, 20, 21, 7, 1, 2, 26, 12, 16}
160: {4, 5, 19, 20, 21, 7, 1, 2, 26, 12, 16}
161: {5, 19, 20, 21, 7, 1, 2, 26, 12, 16, 3, 22, 24}
162: {19, 20, 21, 7, 1, 2, 26, 12, 16, 3, 22, 24}
163: {20, 21, 7, 1, 2, 26, 12, 16, 3, 22, 24, 14, 18}
164: {21, 7, 1, 2, 26, 12, 16, 3, 22, 24, 14, 18}
165: {7, 1, 2, 26, 12, 16, 3, 22, 24, 14, 18, 20}
166: {1, 2, 26, 12, 16, 3, 22, 24, 14, 18, 20, 5}
167: {2, 26, 12, 16, 3, 22, 24, 14, 18, 20, 5, 19, 21}
168: {26, 12, 16, 3, 22, 24, 14, 18, 20, 5, 19, 21, 1, 7}
169: {12, 16, 3, 22, 24, 14, 18, 20, 5, 19, 21, 1, 7}
170: {16, 3, 22, 24, 14, 18, 20, 5, 19, 21, 1, 7}
171: {3, 22, 24, 14, 18, 20, 5, 19, 21, 1, 7}
172: {22, 24, 14, 18, 20, 5, 19, 21, 1, 7, 2, 16, 26}
173: {24, 14, 18, 20, 5, 19, 21, 1, 7, 2, 16, 26}
174: {14, 18, 20, 5, 19, 21, 1, 7, 2, 16, 26}
175: {18, 20, 5, 19, 21, 1, 7, 2, 16, 26}
176: {20, 5, 19, 21, 1, 7, 2, 16, 26}
177: {5, 19, 21, 1, 7, 2, 16, 26}
178: {19, 21, 1, 7, 2, 16, 26}
179: {21, 1, 7, 2, 16, 26}
180: {1, 7, 2, 16, 26}
181: {7, 2, 16, 26}
182: {2, 16, 26}
183: {16, 26, 1, 21}
184: {26, 1, 21}
185: {1, 21}
186: {21}
END: Generating feasible routes
Generated 99 routes
Algorithm has finished in 29953 milliseconds

0.0
0, 20, 24, 25, 21, 11, 9, 6, 2, 1, 5, 7, 3, Depot
-121.17936554085354
--------------------------------------
