
>>> Solving instance C101.txt
Solving the instance for 52 nodes
Default row names c1, c2 ... being created.
CPXPARAM_TimeLimit                               600
Found incumbent of value 0,000000 after 0,01 sec. (0,26 ticks)
Tried aggregator 1 time.
MIP Presolve eliminated 2277 rows and 1386 columns.
MIP Presolve modified 751 coefficients.
Reduced MIP has 430 rows, 1370 columns, and 5028 nonzeros.
Reduced MIP has 1319 binaries, 0 generals, 0 SOSs, and 0 indicators.
Presolve time = 0,01 sec. (3,80 ticks)
Probing fixed 15 vars, tightened 0 bounds.
Probing changed sense of 2 constraints.
Probing time = 0,01 sec. (11,92 ticks)
Cover probing fixed 0 vars, tightened 50 bounds.
Tried aggregator 3 times.
MIP Presolve eliminated 142 rows and 270 columns.
MIP Presolve modified 352 coefficients.
Aggregator did 10 substitutions.
Reduced MIP has 278 rows, 1090 columns, and 3773 nonzeros.
Reduced MIP has 1047 binaries, 0 generals, 0 SOSs, and 0 indicators.
Presolve time = 0,01 sec. (6,94 ticks)
Probing time = 0,01 sec. (5,04 ticks)
Tried aggregator 1 time.
MIP Presolve modified 62 coefficients.
Reduced MIP has 278 rows, 1090 columns, and 3773 nonzeros.
Reduced MIP has 1047 binaries, 0 generals, 0 SOSs, and 0 indicators.
Presolve time = 0,00 sec. (2,16 ticks)
Probing time = 0,00 sec. (4,99 ticks)
Clique table members: 3615.
MIP emphasis: balance optimality and feasibility.
MIP search method: dynamic search.
Parallel mode: deterministic, using up to 8 threads.
Root relaxation solution time = 0,00 sec. (2,29 ticks)

        Nodes                                         Cuts/
   Node  Left     Objective  IInf  Best Integer    Best Bound    ItCnt     Gap

*     0+    0                            0,0000    -1189,7725              --- 
*     0     0      integral     0     -104,5118     -104,5118       92    0,00%
Elapsed time = 0,06 sec. (42,06 ticks, tree = 0,00 MB, solutions = 2)

Root node processing (before b&c):
  Real time             =    0,06 sec. (42,19 ticks)
Parallel b&c, 8 threads:
  Real time             =    0,00 sec. (0,00 ticks)
  Sync time (average)   =    0,00 sec.
  Wait time (average)   =    0,00 sec.
                          ------------
Total (root+branch&cut) =    0,06 sec. (42,19 ticks)

START: Generating feasible routes
END: Generating feasible routes
Generated 42 routes
Algorithm has finished in 57 milliseconds
0, 5, 3, 7, 8, 10, 11, 9, 6, 4, 2, 1, Depot
-104.51176906646691
0->5->3->7->8->10->11->9->6->4->2->1->Depot
-104.51176906646691
--------------------------------------

>>> Solving instance C102.txt
Solving the instance for 52 nodes
Default row names c1, c2 ... being created.
CPXPARAM_TimeLimit                               600
Found incumbent of value 0,000000 after 0,00 sec. (0,25 ticks)
Tried aggregator 1 time.
MIP Presolve eliminated 1328 rows and 855 columns.
MIP Presolve modified 2649 coefficients.
Reduced MIP has 1379 rows, 1901 columns, and 9456 nonzeros.
Reduced MIP has 1850 binaries, 0 generals, 0 SOSs, and 0 indicators.
Presolve time = 0,01 sec. (4,91 ticks)
Probing fixed 119 vars, tightened 0 bounds.
Probing changed sense of 2 constraints.
Probing time = 0,02 sec. (12,00 ticks)
Tried aggregator 3 times.
MIP Presolve eliminated 134 rows and 215 columns.
MIP Presolve modified 200 coefficients.
Aggregator did 7 substitutions.
Reduced MIP has 1238 rows, 1679 columns, and 8335 nonzeros.
Reduced MIP has 1634 binaries, 0 generals, 0 SOSs, and 0 indicators.
Presolve time = 0,01 sec. (10,58 ticks)
Probing time = 0,00 sec. (2,99 ticks)
Tried aggregator 1 time.
Reduced MIP has 1238 rows, 1679 columns, and 8335 nonzeros.
Reduced MIP has 1634 binaries, 0 generals, 0 SOSs, and 0 indicators.
Presolve time = 0,00 sec. (4,37 ticks)
Probing time = 0,00 sec. (3,00 ticks)
Clique table members: 4857.
MIP emphasis: balance optimality and feasibility.
MIP search method: dynamic search.
Parallel mode: deterministic, using up to 8 threads.
Root relaxation solution time = 0,01 sec. (5,53 ticks)

        Nodes                                         Cuts/
   Node  Left     Objective  IInf  Best Integer    Best Bound    ItCnt     Gap

*     0+    0                            0,0000    -1681,9712              --- 
      0     0     -228,5749    22        0,0000     -228,5749       79     --- 
      0     0     -208,4614    21        0,0000      Cuts: 81      116     --- 
      0     0     -203,5022    18        0,0000      Cuts: 13      136     --- 
      0     0     -201,9720    17        0,0000     Cuts: 161      167     --- 
      0     0     -201,9514    19        0,0000      Cuts: 26      177     --- 
*     0+    0                          -51,1295     -201,9514           294,98%
      0     0     -201,9492    20      -51,1295       Cuts: 7      183  294,98%
      0     0     -201,9483    21      -51,1295   ZeroHalf: 1      184  294,97%
*     0+    0                          -74,9272     -201,9483           169,53%
      0     2     -201,9483    21      -74,9272     -201,9483      184  169,53%
Elapsed time = 0,53 sec. (141,81 ticks, tree = 0,01 MB, solutions = 3)
*   578+  336                          -89,7467     -201,3718           124,38%
    664   405      -99,3408    15      -89,7467     -201,3718     7026  124,38%
*  1928+ 1054                         -121,1833     -195,7770            61,55%
   1928  1055     -201,1807    22     -121,1833     -195,7770    19972   61,55%
*  1994+    3                         -121,4285     -195,7770            61,23%
*  1998+    3                         -134,8230     -195,7770            45,21%
   2059    86     -168,4935    19     -134,8230     -195,7770    21237   45,21%
   3074   782     -186,0068    22     -134,8230     -195,7770    28150   45,21%
   4743  1822     -169,4778    29     -134,8230     -191,7521    38011   42,23%
   6810  3759     -157,6121    22     -134,8230     -188,1909    54885   39,58%
   8841  5328     -165,7565    21     -134,8230     -185,0799    70367   37,28%
  11340  7010        cutoff           -134,8230     -183,5588    86494   36,15%
  13022  8575     -145,3434    19     -134,8230     -181,8586   103957   34,89%
  21125 14526     -162,2641    20     -134,8230     -177,9307   166825   31,97%
Elapsed time = 12,57 sec. (3641,98 ticks, tree = 13,69 MB, solutions = 8)
* 26058+17790                         -139,4078     -175,8832            26,16%
  28417 18216     -142,9483    24     -139,4078     -175,0738   233663   25,58%
  33734 21904     -150,6386    16     -139,4078     -172,6852   296819   23,87%
* 35674+22113                         -140,1338     -171,9070            22,67%
  36708 23210     -200,2260    23     -140,1338     -171,5136   337745   22,39%
  38989  1361        cutoff           -140,1338     -171,5136   366544   22,39%
  43486  4028     -160,2625    21     -140,1338     -171,5136   433802   22,39%
  48170  5935    infeasible           -140,1338     -169,6826   503962   21,09%
  52547  7566     -148,7796    17     -140,1338     -166,1119   585172   18,54%
  56432  8392     -148,6804    36     -140,1338     -163,4547   653993   16,64%
  60698  8745     -150,3607    21     -140,1338     -161,4697   730876   15,23%
  64332  8535        cutoff           -140,1338     -159,4874   786583   13,81%
Elapsed time = 48,44 sec. (14847,49 ticks, tree = 7,49 MB, solutions = 10)
  68008  7614        cutoff           -140,1338     -157,7412   859258   12,56%
  71750  6070        cutoff           -140,1338     -155,1861   931411   10,74%
  76241  2803        cutoff           -140,1338     -150,7797  1025175    7,60%

GUB cover cuts applied:  40
Clique cuts applied:  10
Cover cuts applied:  35
Implied bound cuts applied:  21
Flow cuts applied:  6
Mixed integer rounding cuts applied:  31
Zero-half cuts applied:  13
Lift and project cuts applied:  8
Gomory fractional cuts applied:  6

Root node processing (before b&c):
  Real time             =    0,49 sec. (141,34 ticks)
Parallel b&c, 8 threads:
  Real time             =   61,00 sec. (17956,96 ticks)
  Sync time (average)   =    9,36 sec.
  Wait time (average)   =    0,01 sec.
                          ------------
Total (root+branch&cut) =   61,49 sec. (18098,30 ticks)

START: Generating feasible routes
END: Generating feasible routes
Generated 130 routes
Algorithm has finished in 2071 milliseconds
0, 20, 26, 21, 10, 11, 9, 6, 3, 7, 5, 1, 2, Depot
-140.1337778401312
0->20->26->21->10->11->9->6->3->7->5->1->2->Depot
-140.1337778401312
--------------------------------------

>>> Solving instance C102.txt
Solving the instance for 52 nodes
Default row names c1, c2 ... being created.
CPXPARAM_TimeLimit                               600
Found incumbent of value 0,000000 after 0,00 sec. (0,25 ticks)
Tried aggregator 1 time.
MIP Presolve eliminated 1328 rows and 855 columns.
MIP Presolve modified 2649 coefficients.
Reduced MIP has 1379 rows, 1901 columns, and 9456 nonzeros.
Reduced MIP has 1850 binaries, 0 generals, 0 SOSs, and 0 indicators.
Presolve time = 0,00 sec. (4,91 ticks)
Probing fixed 119 vars, tightened 0 bounds.
Probing changed sense of 2 constraints.
Probing time = 0,02 sec. (12,00 ticks)
Tried aggregator 3 times.
MIP Presolve eliminated 134 rows and 215 columns.
MIP Presolve modified 200 coefficients.
Aggregator did 7 substitutions.
Reduced MIP has 1238 rows, 1679 columns, and 8335 nonzeros.
Reduced MIP has 1634 binaries, 0 generals, 0 SOSs, and 0 indicators.
Presolve time = 0,01 sec. (10,58 ticks)
Probing time = 0,00 sec. (2,99 ticks)
Tried aggregator 1 time.
Reduced MIP has 1238 rows, 1679 columns, and 8335 nonzeros.
Reduced MIP has 1634 binaries, 0 generals, 0 SOSs, and 0 indicators.
Presolve time = 0,00 sec. (4,37 ticks)
Probing time = 0,00 sec. (3,00 ticks)
Clique table members: 4857.
MIP emphasis: balance optimality and feasibility.
MIP search method: dynamic search.
Parallel mode: deterministic, using up to 8 threads.
Root relaxation solution time = 0,01 sec. (5,53 ticks)

        Nodes                                         Cuts/
   Node  Left     Objective  IInf  Best Integer    Best Bound    ItCnt     Gap

*     0+    0                            0,0000    -1681,9712              --- 
      0     0     -228,5749    22        0,0000     -228,5749       79     --- 
      0     0     -208,4614    21        0,0000      Cuts: 81      116     --- 
      0     0     -203,5022    18        0,0000      Cuts: 13      136     --- 
      0     0     -201,9720    17        0,0000     Cuts: 161      167     --- 
      0     0     -201,9514    19        0,0000      Cuts: 26      177     --- 
*     0+    0                          -51,1295     -201,9514           294,98%
      0     0     -201,9492    20      -51,1295       Cuts: 7      183  294,98%
      0     0     -201,9483    21      -51,1295   ZeroHalf: 1      184  294,97%
*     0+    0                          -74,9272     -201,9483           169,53%
      0     2     -201,9483    21      -74,9272     -201,9483      184  169,53%
Elapsed time = 0,26 sec. (141,81 ticks, tree = 0,01 MB, solutions = 3)
*   578+  336                          -89,7467     -201,3718           124,38%
    664   405      -99,3408    15      -89,7467     -201,3718     7026  124,38%
*  1928+ 1054                         -121,1833     -195,7770            61,55%
   1928  1055     -201,1807    22     -121,1833     -195,7770    19972   61,55%
*  1994+    3                         -121,4285     -195,7770            61,23%
*  1998+    3                         -134,8230     -195,7770            45,21%
   2059    86     -168,4935    19     -134,8230     -195,7770    21237   45,21%
   3074   782     -186,0068    22     -134,8230     -195,7770    28150   45,21%
   4743  1822     -169,4778    29     -134,8230     -191,7521    38011   42,23%
   6810  3759     -157,6121    22     -134,8230     -188,1909    54885   39,58%
   8841  5328     -165,7565    21     -134,8230     -185,0799    70367   37,28%
  11340  7010        cutoff           -134,8230     -183,5588    86494   36,15%
  13022  8575     -145,3434    19     -134,8230     -181,8586   103957   34,89%
  21125 14526     -162,2641    20     -134,8230     -177,9307   166825   31,97%
Elapsed time = 11,19 sec. (3641,98 ticks, tree = 13,69 MB, solutions = 8)
* 26058+17790                         -139,4078     -175,8832            26,16%
  28417 18216     -142,9483    24     -139,4078     -175,0738   233663   25,58%
  33734 21904     -150,6386    16     -139,4078     -172,6852   296819   23,87%
* 35674+22113                         -140,1338     -171,9070            22,67%
  36708 23210     -200,2260    23     -140,1338     -171,5136   337745   22,39%
  38989  1361        cutoff           -140,1338     -171,5136   366544   22,39%
  43486  4028     -160,2625    21     -140,1338     -171,5136   433802   22,39%
  48170  5935    infeasible           -140,1338     -169,6826   503962   21,09%
  52547  7566     -148,7796    17     -140,1338     -166,1119   585172   18,54%
  56432  8392     -148,6804    36     -140,1338     -163,4547   653993   16,64%
  60698  8745     -150,3607    21     -140,1338     -161,4697   730876   15,23%
  64332  8535        cutoff           -140,1338     -159,4874   786583   13,81%
Elapsed time = 47,09 sec. (14847,49 ticks, tree = 7,49 MB, solutions = 10)
  68008  7614        cutoff           -140,1338     -157,7412   859258   12,56%
  71750  6070        cutoff           -140,1338     -155,1861   931411   10,74%
  76241  2803        cutoff           -140,1338     -150,7797  1025175    7,60%

GUB cover cuts applied:  40
Clique cuts applied:  10
Cover cuts applied:  35
Implied bound cuts applied:  21
Flow cuts applied:  6
Mixed integer rounding cuts applied:  31
Zero-half cuts applied:  13
Lift and project cuts applied:  8
Gomory fractional cuts applied:  6

Root node processing (before b&c):
  Real time             =    0,26 sec. (141,34 ticks)
Parallel b&c, 8 threads:
  Real time             =   59,79 sec. (17956,96 ticks)
  Sync time (average)   =    8,74 sec.
  Wait time (average)   =    0,01 sec.
                          ------------
Total (root+branch&cut) =   60,05 sec. (18098,30 ticks)

START: Generating feasible routes
END: Generating feasible routes
Generated 130 routes
Algorithm has finished in 2006 milliseconds
0, 20, 26, 21, 10, 11, 9, 6, 3, 7, 5, 1, 2, Depot
-140.1337778401312
0->20->26->21->10->11->9->6->3->7->5->1->2->Depot
-140.1337778401312
--------------------------------------

>>> Solving instance C104.txt
Solving the instance for 52 nodes
Default row names c1, c2 ... being created.
CPXPARAM_TimeLimit                               600
Found incumbent of value 0,000000 after 0,00 sec. (0,22 ticks)
Tried aggregator 1 time.
MIP Presolve eliminated 180 rows and 142 columns.
MIP Presolve modified 4945 coefficients.
Reduced MIP has 2527 rows, 2614 columns, and 15014 nonzeros.
Reduced MIP has 2563 binaries, 0 generals, 0 SOSs, and 0 indicators.
Presolve time = 0,01 sec. (6,07 ticks)
Probing time = 0,01 sec. (3,18 ticks)
Tried aggregator 1 time.
Reduced MIP has 2527 rows, 2614 columns, and 15014 nonzeros.
Reduced MIP has 2563 binaries, 0 generals, 0 SOSs, and 0 indicators.
Presolve time = 0,01 sec. (7,37 ticks)
Probing time = 0,01 sec. (3,06 ticks)
Clique table members: 9342.
MIP emphasis: balance optimality and feasibility.
MIP search method: dynamic search.
Parallel mode: deterministic, using up to 8 threads.
Root relaxation solution time = 0,01 sec. (7,47 ticks)

        Nodes                                         Cuts/
   Node  Left     Objective  IInf  Best Integer    Best Bound    ItCnt     Gap

*     0+    0                            0,0000    -2442,8294              --- 
      0     0     -274,4630    22        0,0000     -274,4630       74     --- 
      0     0     -257,4243    20        0,0000     Cuts: 160      122     --- 
      0     0     -255,6269    31        0,0000     Cuts: 204      159     --- 
      0     0     -254,9194    35        0,0000      Cuts: 71      184     --- 
      0     0     -254,7298    31        0,0000     Cuts: 127      200     --- 
      0     0     -254,4713    33        0,0000      Cuts: 14      220     --- 
      0     0     -253,7439    35        0,0000     Cuts: 146      236     --- 
      0     0     -253,3605    36        0,0000      Cuts: 43      245     --- 
      0     0     -253,1664    32        0,0000      Cuts: 37      253     --- 
      0     0     -253,1173    30        0,0000     Cuts: 113      267     --- 
      0     0     -252,9785    31        0,0000     Cuts: 149      290     --- 
      0     0     -252,8967    37        0,0000     Cuts: 116      313     --- 
      0     0     -252,6365    34        0,0000      Cuts: 86      361     --- 
      0     0     -252,5717    34        0,0000     Cuts: 180      371     --- 
      0     0     -252,4774    39        0,0000       Cuts: 6      380     --- 
      0     0     -252,4617    39        0,0000      Cuts: 33      386     --- 
      0     0     -252,2324    36        0,0000      Cuts: 14      390     --- 
      0     0     -251,9218    35        0,0000   ZeroHalf: 3      395     --- 
      0     0     -251,8079    36        0,0000      Cuts: 14      401     --- 
      0     0     -251,7443    39        0,0000   ZeroHalf: 1      402     --- 
      0     0     -251,4714    37        0,0000      Cuts: 49      409     --- 
      0     0     -251,3715    37        0,0000   ZeroHalf: 1      412     --- 
      0     0     -251,3237    41        0,0000      Cuts: 46      417     --- 
      0     2     -251,3237    41        0,0000     -251,3237      417     --- 
Elapsed time = 1,44 sec. (543,39 ticks, tree = 0,01 MB, solutions = 1)
    238   208     -169,9485     8        0,0000     -251,0633     4644     --- 
    527   395      -64,8132    10        0,0000     -251,0633    10219     --- 
   1129   828     -113,2617    15        0,0000     -249,4187    20973     --- 
   1871  1328     -224,9680    25        0,0000     -248,9207    33846     --- 
   2726  1993     -197,8911    17        0,0000     -246,9575    49058     --- 
   3436  2498     -150,6338    11        0,0000     -246,8452    61564     --- 
   3439  2741     -247,8355    37        0,0000     -246,7071    65306     --- 
   3465  2754     -243,9462    24        0,0000     -246,7071    65507     --- 
   3487  2757     -197,3130    18        0,0000     -246,7071    65777     --- 
   4745   846     -211,9068    20        0,0000     -246,5855    74318     --- 
Elapsed time = 11,00 sec. (4136,46 ticks, tree = 1,06 MB, solutions = 1)
*  7627+ 3586                          -14,0543     -245,4466              --- 
   7975  3979     -171,1760    22      -14,0543     -245,4466   101363     --- 
*  7978+ 3786                          -75,6210     -245,4466           224,57%
*  9766+ 5177                          -84,3213     -244,9630           190,51%
* 10774+ 6130                         -102,2990     -244,8463           139,34%
* 12071+ 7368                         -106,2452     -244,4418           130,07%
  13122  8392     -218,8740    19     -106,2452     -244,4418   133532  130,07%
* 14241+ 9300                         -106,4487     -244,1806           129,39%
  18807 13737     -184,6667    15     -106,4487     -243,5349   167713  128,78%
* 18896+13661                         -131,0625     -243,5349            85,82%
  24372 17558     -198,2702    21     -131,0625     -243,0212   200412   85,42%
* 26452+19481                         -132,3001     -242,7414            83,48%
  29957 22433     -183,1588     8     -132,3001     -242,4724   240280   83,27%
  34641 27626     -154,1673    19     -132,3001     -242,1336   276469   83,02%
* 35928+28912                         -140,5255     -241,9260            72,16%
  38162 31322     -180,2907    11     -140,5255     -241,8856   299673   72,13%
  40713 33392     -180,1654    15     -140,5255     -241,8856   309644   72,13%
  43635 36554     -149,2186    16     -140,5255     -241,8856   329045   72,13%
  46594 38918     -172,9980    14     -140,5255     -241,8856   343003   72,13%
Elapsed time = 41,50 sec. (13675,85 ticks, tree = 53,31 MB, solutions = 12)
  49268 41550        cutoff           -140,5255     -241,8856   360514   72,13%
  54042 43759     -179,4612    22     -140,5255     -240,9192   384476   71,44%
  59465 49217     -202,8176    15     -140,5255     -240,6984   419689   71,28%
* 64231+54673                         -146,9886     -240,5345            63,64%
  64554 54214     -155,9631    22     -146,9886     -240,5345   449767   63,64%
  70194 57865     -177,6780    20     -146,9886     -240,2561   486398   63,45%
  75056 61926     -199,7515    24     -146,9886     -240,0193   513386   63,29%
  80430 66421     -224,2471    32     -146,9886     -239,6157   544154   63,02%
  85701 71972     -162,8042    14     -146,9886     -239,4972   580044   62,94%
  91267 77927     -158,2680    11     -146,9886     -239,2817   617048   62,79%
  96390 81701     -228,5902    19     -146,9886     -239,1241   641835   62,68%
Elapsed time = 72,38 sec. (23214,20 ticks, tree = 113,91 MB, solutions = 14)
 102212 87740     -226,2451    30     -146,9886     -238,9855   679696   62,59%
 107283 91814     -192,1177    22     -146,9886     -238,8863   705839   62,52%
 112072 97586     -187,3342    25     -146,9886     -238,6920   743169   62,39%
 117200 102618     -190,8367    22     -146,9886     -238,4632   777754   62,23%
 122052 106371     -190,0936    21     -146,9886     -238,3655   802972   62,17%
 127391 111930     -184,8142    20     -146,9886     -238,1619   842678   62,03%
 131454 117034     -247,1515    43     -146,9886     -238,0642   879119   61,96%
 131933   336     -181,0872    15     -146,9886     -238,0642   884269   61,96%
 133126  1328     -234,0379    36     -146,9886     -238,0642   896554   61,96%
 134360  2439     -178,4402    31     -146,9886     -238,0642   904307   61,96%
Elapsed time = 103,51 sec. (33356,76 ticks, tree = 57,35 MB, solutions = 14)
 135998  3886     -149,3169    15     -146,9886     -238,0642   914099   61,96%
 138304  5989     -197,5173    32     -146,9886     -238,0642   936741   61,96%
 139913  7390     -181,5172    25     -146,9886     -238,0642   952866   61,96%
 142603  9738     -182,3369    21     -146,9886     -238,0642   981034   61,96%
 145636 12479     -221,3725    26     -146,9886     -238,0642  1013084   61,96%
 148570 15163     -178,1590    16     -146,9886     -238,0642  1043233   61,96%
 151960 17928     -220,8127    21     -146,9886     -238,0642  1075399   61,96%
 155035 21173     -177,9289    17     -146,9886     -238,0642  1111890   61,96%
 157799 23582     -164,5079    10     -146,9886     -238,0642  1142044   61,96%
 161309 26729     -174,8853    14     -146,9886     -238,0642  1179923   61,96%
Elapsed time = 134,08 sec. (42896,85 ticks, tree = 129,86 MB, solutions = 14)
 164892 29906     -188,3606    13     -146,9886     -238,0642  1218447   61,96%
 168970 32368     -213,0129    25     -146,9886     -238,0642  1243428   61,96%
 172917 37286     -193,3639    23     -146,9886     -238,0642  1281482   61,96%
 177110 40002     -184,9213    15     -146,9886     -238,0642  1302389   61,96%
 181299 45198     -170,1179    17     -146,9886     -237,8552  1343474   61,82%
 185538 49549     -225,1510    25     -146,9886     -237,6074  1377745   61,65%
 189981 53772     -214,9750    25     -146,9886     -237,2758  1413052   61,42%
 194450 57578     -177,4082    17     -146,9886     -237,1338  1440340   61,33%
 198584 61863     -154,7119    13     -146,9886     -236,9046  1475199   61,17%
 202248 65022     -203,2007    19     -146,9886     -236,7891  1499925   61,09%
Elapsed time = 166,53 sec. (52435,90 ticks, tree = 180,25 MB, solutions = 14)
 205902 67631     -170,8464    22     -146,9886     -236,6633  1519149   61,01%
 209633 71571     -181,6345    19     -146,9886     -236,5567  1551615   60,94%
 213777 75274        cutoff           -146,9886     -236,4154  1580600   60,84%
 217758 78565     -203,5133    32     -146,9886     -236,2812  1605514   60,75%
 221956 83122     -186,2175    14     -146,9886     -236,1543  1643906   60,66%
 226186 86709     -202,9665    30     -146,9886     -235,9976  1673271   60,56%
 230371 91697     -196,8708    17     -146,9886     -235,9103  1712221   60,50%
 234752 96085     -166,0101    19     -146,9886     -235,6597  1747368   60,33%
 239075 99003     -154,9767     9     -146,9886     -235,5389  1770049   60,24%
 243436 103398     -208,4817    29     -146,9886     -235,4123  1802577   60,16%
Elapsed time = 198,78 sec. (61974,39 ticks, tree = 234,17 MB, solutions = 14)
 247842 107862     -205,1041    18     -146,9886     -235,2612  1836240   60,05%
 252104 111703     -217,2894    25     -146,9886     -235,1502  1865698   59,98%
 256497 115309     -192,9267    25     -146,9886     -235,0342  1893287   59,90%
 260963 121745     -181,6757    14     -146,9886     -234,9011  1945059   59,81%
 265139 124582     -201,3894    29     -146,9886     -234,7991  1968708   59,74%
*267942+126271                         -147,0401     -234,6924            59,61%
 269688 128727     -199,2412    27     -147,0401     -234,6715  2002728   59,60%
 273920 133976     -202,7254    21     -147,0401     -234,4915  2047027   59,47%
 278259 136880     -166,3380    11     -147,0401     -234,4319  2069263   59,43%
 282450 140971     -192,6770    25     -147,0401     -234,2727  2100389   59,33%
 286911 144712     -169,8686    17     -147,0401     -234,1432  2135277   59,24%
Elapsed time = 230,46 sec. (71513,69 ticks, tree = 291,55 MB, solutions = 15)
 291061 149499     -160,2285    20     -147,0401     -234,0421  2171128   59,17%
 294704 152696     -176,1569    17     -147,0401     -233,9858  2195739   59,13%
 298689 156801     -182,7987    18     -147,0401     -233,9139  2229986   59,08%
 302741 161121     -160,8830    17     -147,0401     -233,8061  2267374   59,01%
 306705 164675     -199,0462    27     -147,0401     -233,6895  2299715   58,93%
 310952 167826     -173,1695    11     -147,0401     -233,5871  2324843   58,86%
 315029 172900     -204,6919    27     -147,0401     -233,4823  2367031   58,79%
 319418 177305     -188,8757    23     -147,0401     -233,3769  2402350   58,72%
 323708 181294     -181,1122    26     -147,0401     -233,2945  2434347   58,66%
 326909 183877     -199,9515    27     -147,0401     -233,2294  2457633   58,62%
Elapsed time = 262,43 sec. (81053,73 ticks, tree = 344,65 MB, solutions = 15)
 330702 187673     -177,3943    23     -147,0401     -233,1543  2492496   58,57%
 334604 190488     -183,8418    12     -147,0401     -233,0709  2517624   58,51%
 338485 193915     -209,4387    22     -147,0401     -232,9684  2549962   58,44%
 342448 197282     -203,4952    29     -147,0401     -232,8834  2582182   58,38%
 346422 201692     -185,3846    10     -147,0401     -232,8231  2624186   58,34%
 350527 205009     -190,0290    16     -147,0401     -232,7242  2653561   58,27%
 354742 210299     -193,1990    21     -147,0401     -232,6548  2698246   58,23%
 358543 213286     -163,6241    16     -147,0401     -232,5506  2723557   58,15%
 361988 216977     -179,1171    21     -147,0401     -232,4815  2759897   58,11%
*364713+219749                         -148,5983     -232,4069            56,40%
 377779 230804     -153,2208     5     -148,5983     -232,1260  2886331   56,21%
Elapsed time = 303,16 sec. (93453,06 ticks, tree = 413,32 MB, solutions = 16)
 393984 246650     -227,8941    30     -148,5983     -231,8091  3028973   56,00%
 408802 260189     -160,3479    14     -148,5983     -231,4755  3149588   55,77%
 424092 274367     -221,9865    30     -148,5983     -231,2013  3290566   55,59%
 439193 288554     -160,7250    18     -148,5983     -230,9539  3420583   55,42%
 453258 302723     -167,5596    16     -148,5983     -230,7644  3559997   55,29%
 468750 316284     -189,2630    27     -148,5983     -230,5222  3687660   55,13%
 483926 331056     -178,9159    23     -148,5983     -230,2816  3830919   54,97%
 498206 343926     -172,0466    17     -148,5983     -230,0672  3963706   54,82%
 513039 357646     -193,9273    11     -148,5983     -229,8837  4103166   54,70%
 527703 371924     -180,6293    14     -148,5983     -229,6700  4245005   54,56%
Elapsed time = 421,25 sec. (131602,98 ticks, tree = 612,81 MB, solutions = 16)
 541607 384832        cutoff           -148,5983     -229,5059  4375255   54,45%
 556208 399354     -159,1284    17     -148,5983     -229,3108  4529978   54,32%
 570760 412994     -174,4157    21     -148,5983     -229,1279  4663167   54,19%
 584476 424258     -201,0275    19     -148,5983     -228,9777  4780924   54,09%
 598888 438669     -165,1123    13     -148,5983     -228,8305  4934886   53,99%
 613340 452320     -173,4245    20     -148,5983     -228,6482  5084379   53,87%
 627006 465220     -169,5400    14     -148,5983     -228,4995  5216412   53,77%
 641395 477758     -173,0467    13     -148,5983     -228,3537  5348465   53,67%
 656170 491852     -210,8066    24     -148,5983     -228,2155  5489620   53,58%
 669517 504280     -206,5640    33     -148,5983     -228,0759  5628558   53,48%
Elapsed time = 537,33 sec. (169752,36 ticks, tree = 810,01 MB, solutions = 16)
 675538 511675     -175,4111    18     -148,5983     -227,9686  5710534   53,41%
*675811+511863                         -149,2117     -227,9596            52,78%
 679468 514705     -177,0137    18     -149,2117     -227,9234  5746629   52,75%
*680454+516075                         -150,4967     -227,9103            51,44%
 683098 517904     -169,6404    16     -150,4967     -227,8839  5785045   51,42%
 686540 521333     -192,0971    26     -150,4967     -227,8432  5827113   51,39%

GUB cover cuts applied:  1
Clique cuts applied:  2
Cover cuts applied:  300
Implied bound cuts applied:  9
Flow cuts applied:  23
Mixed integer rounding cuts applied:  835
Zero-half cuts applied:  32
Lift and project cuts applied:  44
Gomory fractional cuts applied:  7

Root node processing (before b&c):
  Real time             =    1,44 sec. (542,34 ticks)
Parallel b&c, 8 threads:
  Real time             =  598,58 sec. (188155,88 ticks)
  Sync time (average)   =   83,02 sec.
  Wait time (average)   =    0,05 sec.
                          ------------
Total (root+branch&cut) =  600,02 sec. (188698,22 ticks)

START: Generating feasible routes
